This file contains any messages produced by compilers while
running configure, to aid debugging if configure makes a mistake.

It was created by sqlite configure 3.24.0, which was
generated by GNU Autoconf 2.69.  Invocation command line was

  $ /home/user/-f2fs/oe/build.OE-Generic.x86_64-9.0-devel/sqlite-autoconf-3240000/configure --host=x86_64-pc-linux-gnu --build=x86_64-pc-linux-gnu --prefix=/home/user/-f2fs/oe/build.OE-Generic.x86_64-9.0-devel/toolchain --bindir=/home/user/-f2fs/oe/build.OE-Generic.x86_64-9.0-devel/toolchain/bin --sbindir=/home/user/-f2fs/oe/build.OE-Generic.x86_64-9.0-devel/toolchain/sbin --sysconfdir=/home/user/-f2fs/oe/build.OE-Generic.x86_64-9.0-devel/toolchain/etc --libexecdir=/home/user/-f2fs/oe/build.OE-Generic.x86_64-9.0-devel/toolchain/lib --localstatedir=/home/user/-f2fs/oe/build.OE-Generic.x86_64-9.0-devel/toolchain/var --disable-static --enable-shared --enable-silent-rules --enable-threadsafe --enable-dynamic-extensions --disable-silent-rules

## --------- ##
## Platform. ##
## --------- ##

hostname = vmware
uname -m = x86_64
uname -r = 4.18.0-zen1-1-zen
uname -s = Linux
uname -v = #1 ZEN SMP PREEMPT Mon Aug 13 20:46:26 UTC 2018

/usr/bin/uname -p = unknown
/bin/uname -X     = unknown

/bin/arch              = unknown
/usr/bin/arch -k       = unknown
/usr/convex/getsysinfo = unknown
/usr/bin/hostinfo      = unknown
/bin/machine           = unknown
/usr/bin/oslevel       = unknown
/bin/universe          = unknown

PATH: /home/user/-f2fs/oe/build.OE-Generic.x86_64-9.0-devel/toolchain/bin
PATH: /home/user/-f2fs/oe/build.OE-Generic.x86_64-9.0-devel/toolchain/sbin
PATH: /home/user/go/bin
PATH: /home/user/.bin
PATH: /home/user/.go/bin
PATH: /bin
PATH: /sbin
PATH: /opt
PATH: /usr/local/sbin
PATH: /usr/local/bin
PATH: /usr/bin
PATH: /usr/lib/jvm/default/bin
PATH: /usr/bin/site_perl
PATH: /usr/bin/vendor_perl
PATH: /usr/bin/core_perl
PATH: /home/user/.fzf/bin


## ----------- ##
## Core tests. ##
## ----------- ##

configure:2352: checking for a BSD-compatible install
configure:2420: result: /bin/install -c
configure:2431: checking whether build environment is sane
configure:2486: result: yes
configure:2637: checking for a thread-safe mkdir -p
configure:2676: result: /bin/mkdir -p
configure:2683: checking for gawk
configure:2710: result: gawk
configure:2721: checking whether make sets $(MAKE)
configure:2743: result: yes
configure:2772: checking whether make supports nested variables
configure:2789: result: yes
configure:2920: checking whether make supports the include directive
configure:2935: make -f confmf.GNU && cat confinc.out
this is the am__doit target
configure:2938: $? = 0
configure:2957: result: yes (GNU style)
configure:2987: checking for x86_64-pc-linux-gnu-gcc
configure:3014: result: /home/user/-f2fs/oe/build.OE-Generic.x86_64-9.0-devel/toolchain/bin/host-gcc
configure:3283: checking for C compiler version
configure:3292: /home/user/-f2fs/oe/build.OE-Generic.x86_64-9.0-devel/toolchain/bin/host-gcc --version >&5
gcc (GCC) 8.2.0
Copyright (C) 2018 Free Software Foundation, Inc.
This is free software; see the source for copying conditions.  There is NO
warranty; not even for MERCHANTABILITY or FITNESS FOR A PARTICULAR PURPOSE.

configure:3303: $? = 0
configure:3292: /home/user/-f2fs/oe/build.OE-Generic.x86_64-9.0-devel/toolchain/bin/host-gcc -v >&5
Using built-in specs.
COLLECT_GCC=/bin/gcc
COLLECT_LTO_WRAPPER=/usr/lib/gcc/x86_64-pc-linux-gnu/8.2.0/lto-wrapper
Target: x86_64-pc-linux-gnu
Configured with: /build/gcc/src/gcc/configure --prefix=/usr --libdir=/usr/lib --libexecdir=/usr/lib --mandir=/usr/share/man --infodir=/usr/share/info --with-bugurl=https://bugs.archlinux.org/ --enable-languages=c,c++,ada,fortran,go,lto,objc,obj-c++ --enable-shared --enable-threads=posix --enable-libmpx --with-system-zlib --with-isl --enable-__cxa_atexit --disable-libunwind-exceptions --enable-clocale=gnu --disable-libstdcxx-pch --disable-libssp --enable-gnu-unique-object --enable-linker-build-id --enable-lto --enable-plugin --enable-install-libiberty --with-linker-hash-style=gnu --enable-gnu-indirect-function --enable-multilib --disable-werror --enable-checking=release --enable-default-pie --enable-default-ssp --enable-cet=auto
Thread model: posix
gcc version 8.2.0 (GCC) 
configure:3303: $? = 0
configure:3292: /home/user/-f2fs/oe/build.OE-Generic.x86_64-9.0-devel/toolchain/bin/host-gcc -V >&5
gcc: error: unrecognized command line option '-V'
gcc: fatal error: no input files
compilation terminated.
configure:3303: $? = 1
configure:3292: /home/user/-f2fs/oe/build.OE-Generic.x86_64-9.0-devel/toolchain/bin/host-gcc -qversion >&5
gcc: error: unrecognized command line option '-qversion'; did you mean '--version'?
gcc: fatal error: no input files
compilation terminated.
configure:3303: $? = 1
configure:3323: checking whether the C compiler works
configure:3345: /home/user/-f2fs/oe/build.OE-Generic.x86_64-9.0-devel/toolchain/bin/host-gcc -O2 -I/home/user/-f2fs/oe/build.OE-Generic.x86_64-9.0-devel/toolchain/include -fdiagnostics-color=always -Wno-format-security -DSQLITE_ENABLE_STAT3 -DSQLITE_ENABLE_COLUMN_METADATA=1 -DSQLITE_TEMP_STORE=3 -DSQLITE_DEFAULT_MMAP_SIZE=268435456  -Wl,-rpath,/home/user/-f2fs/oe/build.OE-Generic.x86_64-9.0-devel/toolchain/lib -L/home/user/-f2fs/oe/build.OE-Generic.x86_64-9.0-devel/toolchain/lib conftest.c  >&5
configure:3349: $? = 0
configure:3397: result: yes
configure:3400: checking for C compiler default output file name
configure:3402: result: a.out
configure:3408: checking for suffix of executables
configure:3415: /home/user/-f2fs/oe/build.OE-Generic.x86_64-9.0-devel/toolchain/bin/host-gcc -o conftest -O2 -I/home/user/-f2fs/oe/build.OE-Generic.x86_64-9.0-devel/toolchain/include -fdiagnostics-color=always -Wno-format-security -DSQLITE_ENABLE_STAT3 -DSQLITE_ENABLE_COLUMN_METADATA=1 -DSQLITE_TEMP_STORE=3 -DSQLITE_DEFAULT_MMAP_SIZE=268435456  -Wl,-rpath,/home/user/-f2fs/oe/build.OE-Generic.x86_64-9.0-devel/toolchain/lib -L/home/user/-f2fs/oe/build.OE-Generic.x86_64-9.0-devel/toolchain/lib conftest.c  >&5
configure:3419: $? = 0
configure:3441: result: 
configure:3463: checking whether we are cross compiling
configure:3471: /home/user/-f2fs/oe/build.OE-Generic.x86_64-9.0-devel/toolchain/bin/host-gcc -o conftest -O2 -I/home/user/-f2fs/oe/build.OE-Generic.x86_64-9.0-devel/toolchain/include -fdiagnostics-color=always -Wno-format-security -DSQLITE_ENABLE_STAT3 -DSQLITE_ENABLE_COLUMN_METADATA=1 -DSQLITE_TEMP_STORE=3 -DSQLITE_DEFAULT_MMAP_SIZE=268435456  -Wl,-rpath,/home/user/-f2fs/oe/build.OE-Generic.x86_64-9.0-devel/toolchain/lib -L/home/user/-f2fs/oe/build.OE-Generic.x86_64-9.0-devel/toolchain/lib conftest.c  >&5
configure:3475: $? = 0
configure:3482: ./conftest
configure:3486: $? = 0
configure:3501: result: no
configure:3506: checking for suffix of object files
configure:3528: /home/user/-f2fs/oe/build.OE-Generic.x86_64-9.0-devel/toolchain/bin/host-gcc -c -O2 -I/home/user/-f2fs/oe/build.OE-Generic.x86_64-9.0-devel/toolchain/include -fdiagnostics-color=always -Wno-format-security -DSQLITE_ENABLE_STAT3 -DSQLITE_ENABLE_COLUMN_METADATA=1 -DSQLITE_TEMP_STORE=3 -DSQLITE_DEFAULT_MMAP_SIZE=268435456  conftest.c >&5
configure:3532: $? = 0
configure:3553: result: o
configure:3557: checking whether we are using the GNU C compiler
configure:3576: /home/user/-f2fs/oe/build.OE-Generic.x86_64-9.0-devel/toolchain/bin/host-gcc -c -O2 -I/home/user/-f2fs/oe/build.OE-Generic.x86_64-9.0-devel/toolchain/include -fdiagnostics-color=always -Wno-format-security -DSQLITE_ENABLE_STAT3 -DSQLITE_ENABLE_COLUMN_METADATA=1 -DSQLITE_TEMP_STORE=3 -DSQLITE_DEFAULT_MMAP_SIZE=268435456  conftest.c >&5
configure:3576: $? = 0
configure:3585: result: yes
configure:3594: checking whether /home/user/-f2fs/oe/build.OE-Generic.x86_64-9.0-devel/toolchain/bin/host-gcc accepts -g
configure:3614: /home/user/-f2fs/oe/build.OE-Generic.x86_64-9.0-devel/toolchain/bin/host-gcc -c -g  conftest.c >&5
configure:3614: $? = 0
configure:3655: result: yes
configure:3672: checking for /home/user/-f2fs/oe/build.OE-Generic.x86_64-9.0-devel/toolchain/bin/host-gcc option to accept ISO C89
configure:3735: /home/user/-f2fs/oe/build.OE-Generic.x86_64-9.0-devel/toolchain/bin/host-gcc  -c -O2 -I/home/user/-f2fs/oe/build.OE-Generic.x86_64-9.0-devel/toolchain/include -fdiagnostics-color=always -Wno-format-security -DSQLITE_ENABLE_STAT3 -DSQLITE_ENABLE_COLUMN_METADATA=1 -DSQLITE_TEMP_STORE=3 -DSQLITE_DEFAULT_MMAP_SIZE=268435456  conftest.c >&5
configure:3735: $? = 0
configure:3748: result: none needed
configure:3773: checking whether /home/user/-f2fs/oe/build.OE-Generic.x86_64-9.0-devel/toolchain/bin/host-gcc understands -c and -o together
configure:3795: /home/user/-f2fs/oe/build.OE-Generic.x86_64-9.0-devel/toolchain/bin/host-gcc -c conftest.c -o conftest2.o
configure:3798: $? = 0
configure:3795: /home/user/-f2fs/oe/build.OE-Generic.x86_64-9.0-devel/toolchain/bin/host-gcc -c conftest.c -o conftest2.o
configure:3798: $? = 0
configure:3810: result: yes
configure:3829: checking dependency style of /home/user/-f2fs/oe/build.OE-Generic.x86_64-9.0-devel/toolchain/bin/host-gcc
configure:3940: result: gcc3
configure:3963: checking for special C compiler options needed for large files
configure:4008: result: no
configure:4014: checking for _FILE_OFFSET_BITS value needed for large files
configure:4039: /home/user/-f2fs/oe/build.OE-Generic.x86_64-9.0-devel/toolchain/bin/host-gcc -c -O2 -I/home/user/-f2fs/oe/build.OE-Generic.x86_64-9.0-devel/toolchain/include -fdiagnostics-color=always -Wno-format-security -DSQLITE_ENABLE_STAT3 -DSQLITE_ENABLE_COLUMN_METADATA=1 -DSQLITE_TEMP_STORE=3 -DSQLITE_DEFAULT_MMAP_SIZE=268435456  conftest.c >&5
configure:4039: $? = 0
configure:4071: result: no
configure:4166: checking for x86_64-pc-linux-gnu-gcc
configure:4193: result: /home/user/-f2fs/oe/build.OE-Generic.x86_64-9.0-devel/toolchain/bin/host-gcc
configure:4462: checking for C compiler version
configure:4471: /home/user/-f2fs/oe/build.OE-Generic.x86_64-9.0-devel/toolchain/bin/host-gcc --version >&5
gcc (GCC) 8.2.0
Copyright (C) 2018 Free Software Foundation, Inc.
This is free software; see the source for copying conditions.  There is NO
warranty; not even for MERCHANTABILITY or FITNESS FOR A PARTICULAR PURPOSE.

configure:4482: $? = 0
configure:4471: /home/user/-f2fs/oe/build.OE-Generic.x86_64-9.0-devel/toolchain/bin/host-gcc -v >&5
Using built-in specs.
COLLECT_GCC=/bin/gcc
COLLECT_LTO_WRAPPER=/usr/lib/gcc/x86_64-pc-linux-gnu/8.2.0/lto-wrapper
Target: x86_64-pc-linux-gnu
Configured with: /build/gcc/src/gcc/configure --prefix=/usr --libdir=/usr/lib --libexecdir=/usr/lib --mandir=/usr/share/man --infodir=/usr/share/info --with-bugurl=https://bugs.archlinux.org/ --enable-languages=c,c++,ada,fortran,go,lto,objc,obj-c++ --enable-shared --enable-threads=posix --enable-libmpx --with-system-zlib --with-isl --enable-__cxa_atexit --disable-libunwind-exceptions --enable-clocale=gnu --disable-libstdcxx-pch --disable-libssp --enable-gnu-unique-object --enable-linker-build-id --enable-lto --enable-plugin --enable-install-libiberty --with-linker-hash-style=gnu --enable-gnu-indirect-function --enable-multilib --disable-werror --enable-checking=release --enable-default-pie --enable-default-ssp --enable-cet=auto
Thread model: posix
gcc version 8.2.0 (GCC) 
configure:4482: $? = 0
configure:4471: /home/user/-f2fs/oe/build.OE-Generic.x86_64-9.0-devel/toolchain/bin/host-gcc -V >&5
gcc: error: unrecognized command line option '-V'
gcc: fatal error: no input files
compilation terminated.
configure:4482: $? = 1
configure:4471: /home/user/-f2fs/oe/build.OE-Generic.x86_64-9.0-devel/toolchain/bin/host-gcc -qversion >&5
gcc: error: unrecognized command line option '-qversion'; did you mean '--version'?
gcc: fatal error: no input files
compilation terminated.
configure:4482: $? = 1
configure:4486: checking whether we are using the GNU C compiler
configure:4514: result: yes
configure:4523: checking whether /home/user/-f2fs/oe/build.OE-Generic.x86_64-9.0-devel/toolchain/bin/host-gcc accepts -g
configure:4584: result: yes
configure:4601: checking for /home/user/-f2fs/oe/build.OE-Generic.x86_64-9.0-devel/toolchain/bin/host-gcc option to accept ISO C89
configure:4677: result: none needed
configure:4702: checking whether /home/user/-f2fs/oe/build.OE-Generic.x86_64-9.0-devel/toolchain/bin/host-gcc understands -c and -o together
configure:4739: result: yes
configure:4758: checking dependency style of /home/user/-f2fs/oe/build.OE-Generic.x86_64-9.0-devel/toolchain/bin/host-gcc
configure:4869: result: gcc3
configure:4913: checking build system type
configure:4927: result: x86_64-pc-linux-gnu
configure:4947: checking host system type
configure:4960: result: x86_64-pc-linux-gnu
configure:5001: checking how to print strings
configure:5028: result: printf
configure:5049: checking for a sed that does not truncate output
configure:5113: result: /home/user/-f2fs/oe/build.OE-Generic.x86_64-9.0-devel/toolchain/bin/sed
configure:5131: checking for grep that handles long lines and -e
configure:5189: result: /bin/grep
configure:5194: checking for egrep
configure:5256: result: /bin/grep -E
configure:5261: checking for fgrep
configure:5323: result: /bin/grep -F
configure:5358: checking for ld used by /home/user/-f2fs/oe/build.OE-Generic.x86_64-9.0-devel/toolchain/bin/host-gcc
configure:5425: result: ld
configure:5432: checking if the linker (ld) is GNU ld
configure:5447: result: yes
configure:5459: checking for BSD- or MS-compatible name lister (nm)
configure:5513: result: nm
configure:5643: checking the name lister (nm) interface
configure:5650: /home/user/-f2fs/oe/build.OE-Generic.x86_64-9.0-devel/toolchain/bin/host-gcc -c -O2 -I/home/user/-f2fs/oe/build.OE-Generic.x86_64-9.0-devel/toolchain/include -fdiagnostics-color=always -Wno-format-security -DSQLITE_ENABLE_STAT3 -DSQLITE_ENABLE_COLUMN_METADATA=1 -DSQLITE_TEMP_STORE=3 -DSQLITE_DEFAULT_MMAP_SIZE=268435456  conftest.c >&5
configure:5653: nm "conftest.o"
configure:5656: output
0000000000000000 B some_variable
configure:5663: result: BSD nm
configure:5666: checking whether ln -s works
configure:5670: result: yes
configure:5678: checking the maximum length of command line arguments
configure:5809: result: 1572864
configure:5857: checking how to convert x86_64-pc-linux-gnu file names to x86_64-pc-linux-gnu format
configure:5897: result: func_convert_file_noop
configure:5904: checking how to convert x86_64-pc-linux-gnu file names to toolchain format
configure:5924: result: func_convert_file_noop
configure:5931: checking for ld option to reload object files
configure:5938: result: -r
configure:5972: checking for x86_64-pc-linux-gnu-objdump
configure:5999: result: objdump
configure:6071: checking how to recognize dependent libraries
configure:6271: result: pass_all
configure:6316: checking for x86_64-pc-linux-gnu-dlltool
configure:6346: result: no
configure:6356: checking for dlltool
configure:6386: result: no
configure:6416: checking how to associate runtime and link libraries
configure:6443: result: printf %s\n
configure:6459: checking for x86_64-pc-linux-gnu-ar
configure:6486: result: ar
configure:6567: checking for archiver @FILE support
configure:6584: /home/user/-f2fs/oe/build.OE-Generic.x86_64-9.0-devel/toolchain/bin/host-gcc -c -O2 -I/home/user/-f2fs/oe/build.OE-Generic.x86_64-9.0-devel/toolchain/include -fdiagnostics-color=always -Wno-format-security -DSQLITE_ENABLE_STAT3 -DSQLITE_ENABLE_COLUMN_METADATA=1 -DSQLITE_TEMP_STORE=3 -DSQLITE_DEFAULT_MMAP_SIZE=268435456  conftest.c >&5
configure:6584: $? = 0
configure:6587: ar cru libconftest.a @conftest.lst >&5
ar: `u' modifier ignored since `D' is the default (see `U')
configure:6590: $? = 0
configure:6595: ar cru libconftest.a @conftest.lst >&5
ar: `u' modifier ignored since `D' is the default (see `U')
ar: conftest.o: No such file or directory
configure:6598: $? = 1
configure:6610: result: @
configure:6628: checking for x86_64-pc-linux-gnu-strip
configure:6655: result: strip
configure:6727: checking for x86_64-pc-linux-gnu-ranlib
configure:6754: result: ranlib
configure:6896: checking command to parse nm output from /home/user/-f2fs/oe/build.OE-Generic.x86_64-9.0-devel/toolchain/bin/host-gcc object
configure:7049: /home/user/-f2fs/oe/build.OE-Generic.x86_64-9.0-devel/toolchain/bin/host-gcc -c -O2 -I/home/user/-f2fs/oe/build.OE-Generic.x86_64-9.0-devel/toolchain/include -fdiagnostics-color=always -Wno-format-security -DSQLITE_ENABLE_STAT3 -DSQLITE_ENABLE_COLUMN_METADATA=1 -DSQLITE_TEMP_STORE=3 -DSQLITE_DEFAULT_MMAP_SIZE=268435456  conftest.c >&5
configure:7052: $? = 0
configure:7056: nm conftest.o \| sed -n -e 's/^.*[ ]\([ABCDGIRSTW][ABCDGIRSTW]*\)[ ][ ]*\([_A-Za-z][_A-Za-z0-9]*\)$/\1 \2 \2/p' | sed '/ __gnu_lto/d' \> conftest.nm
configure:7059: $? = 0
configure:7125: /home/user/-f2fs/oe/build.OE-Generic.x86_64-9.0-devel/toolchain/bin/host-gcc -o conftest -O2 -I/home/user/-f2fs/oe/build.OE-Generic.x86_64-9.0-devel/toolchain/include -fdiagnostics-color=always -Wno-format-security -DSQLITE_ENABLE_STAT3 -DSQLITE_ENABLE_COLUMN_METADATA=1 -DSQLITE_TEMP_STORE=3 -DSQLITE_DEFAULT_MMAP_SIZE=268435456  -Wl,-rpath,/home/user/-f2fs/oe/build.OE-Generic.x86_64-9.0-devel/toolchain/lib -L/home/user/-f2fs/oe/build.OE-Generic.x86_64-9.0-devel/toolchain/lib conftest.c conftstm.o >&5
configure:7128: $? = 0
configure:7166: result: ok
configure:7213: checking for sysroot
configure:7243: result: no
configure:7250: checking for a working dd
configure:7288: result: /bin/dd
configure:7292: checking how to truncate binary pipes
configure:7307: result: /bin/dd bs=4096 count=1
configure:7443: /home/user/-f2fs/oe/build.OE-Generic.x86_64-9.0-devel/toolchain/bin/host-gcc -c -O2 -I/home/user/-f2fs/oe/build.OE-Generic.x86_64-9.0-devel/toolchain/include -fdiagnostics-color=always -Wno-format-security -DSQLITE_ENABLE_STAT3 -DSQLITE_ENABLE_COLUMN_METADATA=1 -DSQLITE_TEMP_STORE=3 -DSQLITE_DEFAULT_MMAP_SIZE=268435456  conftest.c >&5
configure:7446: $? = 0
configure:7596: checking for x86_64-pc-linux-gnu-mt
configure:7626: result: no
configure:7636: checking for mt
configure:7666: result: no
configure:7686: checking if : is a manifest tool
configure:7692: : '-?'
configure:7700: result: no
configure:8377: checking how to run the C preprocessor
configure:8447: result: cpp
configure:8467: cpp  conftest.c
configure:8467: $? = 0
configure:8481: cpp  conftest.c
conftest.c:11:10: fatal error: ac_nonexistent.h: No such file or directory
 #include <ac_nonexistent.h>
          ^~~~~~~~~~~~~~~~~~
compilation terminated.
configure:8481: $? = 1
configure: failed program was:
| /* confdefs.h */
| #define PACKAGE_NAME "sqlite"
| #define PACKAGE_TARNAME "sqlite"
| #define PACKAGE_VERSION "3.24.0"
| #define PACKAGE_STRING "sqlite 3.24.0"
| #define PACKAGE_BUGREPORT "http://www.sqlite.org"
| #define PACKAGE_URL ""
| #define PACKAGE "sqlite"
| #define VERSION "3.24.0"
| /* end confdefs.h.  */
| #include <ac_nonexistent.h>
configure:8510: checking for ANSI C header files
configure:8530: /home/user/-f2fs/oe/build.OE-Generic.x86_64-9.0-devel/toolchain/bin/host-gcc -c -O2 -I/home/user/-f2fs/oe/build.OE-Generic.x86_64-9.0-devel/toolchain/include -fdiagnostics-color=always -Wno-format-security -DSQLITE_ENABLE_STAT3 -DSQLITE_ENABLE_COLUMN_METADATA=1 -DSQLITE_TEMP_STORE=3 -DSQLITE_DEFAULT_MMAP_SIZE=268435456  conftest.c >&5
configure:8530: $? = 0
configure:8603: /home/user/-f2fs/oe/build.OE-Generic.x86_64-9.0-devel/toolchain/bin/host-gcc -o conftest -O2 -I/home/user/-f2fs/oe/build.OE-Generic.x86_64-9.0-devel/toolchain/include -fdiagnostics-color=always -Wno-format-security -DSQLITE_ENABLE_STAT3 -DSQLITE_ENABLE_COLUMN_METADATA=1 -DSQLITE_TEMP_STORE=3 -DSQLITE_DEFAULT_MMAP_SIZE=268435456  -Wl,-rpath,/home/user/-f2fs/oe/build.OE-Generic.x86_64-9.0-devel/toolchain/lib -L/home/user/-f2fs/oe/build.OE-Generic.x86_64-9.0-devel/toolchain/lib conftest.c  >&5
configure:8603: $? = 0
configure:8603: ./conftest
configure:8603: $? = 0
configure:8614: result: yes
configure:8627: checking for sys/types.h
configure:8627: /home/user/-f2fs/oe/build.OE-Generic.x86_64-9.0-devel/toolchain/bin/host-gcc -c -O2 -I/home/user/-f2fs/oe/build.OE-Generic.x86_64-9.0-devel/toolchain/include -fdiagnostics-color=always -Wno-format-security -DSQLITE_ENABLE_STAT3 -DSQLITE_ENABLE_COLUMN_METADATA=1 -DSQLITE_TEMP_STORE=3 -DSQLITE_DEFAULT_MMAP_SIZE=268435456  conftest.c >&5
configure:8627: $? = 0
configure:8627: result: yes
configure:8627: checking for sys/stat.h
configure:8627: /home/user/-f2fs/oe/build.OE-Generic.x86_64-9.0-devel/toolchain/bin/host-gcc -c -O2 -I/home/user/-f2fs/oe/build.OE-Generic.x86_64-9.0-devel/toolchain/include -fdiagnostics-color=always -Wno-format-security -DSQLITE_ENABLE_STAT3 -DSQLITE_ENABLE_COLUMN_METADATA=1 -DSQLITE_TEMP_STORE=3 -DSQLITE_DEFAULT_MMAP_SIZE=268435456  conftest.c >&5
configure:8627: $? = 0
configure:8627: result: yes
configure:8627: checking for stdlib.h
configure:8627: /home/user/-f2fs/oe/build.OE-Generic.x86_64-9.0-devel/toolchain/bin/host-gcc -c -O2 -I/home/user/-f2fs/oe/build.OE-Generic.x86_64-9.0-devel/toolchain/include -fdiagnostics-color=always -Wno-format-security -DSQLITE_ENABLE_STAT3 -DSQLITE_ENABLE_COLUMN_METADATA=1 -DSQLITE_TEMP_STORE=3 -DSQLITE_DEFAULT_MMAP_SIZE=268435456  conftest.c >&5
configure:8627: $? = 0
configure:8627: result: yes
configure:8627: checking for string.h
configure:8627: /home/user/-f2fs/oe/build.OE-Generic.x86_64-9.0-devel/toolchain/bin/host-gcc -c -O2 -I/home/user/-f2fs/oe/build.OE-Generic.x86_64-9.0-devel/toolchain/include -fdiagnostics-color=always -Wno-format-security -DSQLITE_ENABLE_STAT3 -DSQLITE_ENABLE_COLUMN_METADATA=1 -DSQLITE_TEMP_STORE=3 -DSQLITE_DEFAULT_MMAP_SIZE=268435456  conftest.c >&5
configure:8627: $? = 0
configure:8627: result: yes
configure:8627: checking for memory.h
configure:8627: /home/user/-f2fs/oe/build.OE-Generic.x86_64-9.0-devel/toolchain/bin/host-gcc -c -O2 -I/home/user/-f2fs/oe/build.OE-Generic.x86_64-9.0-devel/toolchain/include -fdiagnostics-color=always -Wno-format-security -DSQLITE_ENABLE_STAT3 -DSQLITE_ENABLE_COLUMN_METADATA=1 -DSQLITE_TEMP_STORE=3 -DSQLITE_DEFAULT_MMAP_SIZE=268435456  conftest.c >&5
configure:8627: $? = 0
configure:8627: result: yes
configure:8627: checking for strings.h
configure:8627: /home/user/-f2fs/oe/build.OE-Generic.x86_64-9.0-devel/toolchain/bin/host-gcc -c -O2 -I/home/user/-f2fs/oe/build.OE-Generic.x86_64-9.0-devel/toolchain/include -fdiagnostics-color=always -Wno-format-security -DSQLITE_ENABLE_STAT3 -DSQLITE_ENABLE_COLUMN_METADATA=1 -DSQLITE_TEMP_STORE=3 -DSQLITE_DEFAULT_MMAP_SIZE=268435456  conftest.c >&5
configure:8627: $? = 0
configure:8627: result: yes
configure:8627: checking for inttypes.h
configure:8627: /home/user/-f2fs/oe/build.OE-Generic.x86_64-9.0-devel/toolchain/bin/host-gcc -c -O2 -I/home/user/-f2fs/oe/build.OE-Generic.x86_64-9.0-devel/toolchain/include -fdiagnostics-color=always -Wno-format-security -DSQLITE_ENABLE_STAT3 -DSQLITE_ENABLE_COLUMN_METADATA=1 -DSQLITE_TEMP_STORE=3 -DSQLITE_DEFAULT_MMAP_SIZE=268435456  conftest.c >&5
configure:8627: $? = 0
configure:8627: result: yes
configure:8627: checking for stdint.h
configure:8627: /home/user/-f2fs/oe/build.OE-Generic.x86_64-9.0-devel/toolchain/bin/host-gcc -c -O2 -I/home/user/-f2fs/oe/build.OE-Generic.x86_64-9.0-devel/toolchain/include -fdiagnostics-color=always -Wno-format-security -DSQLITE_ENABLE_STAT3 -DSQLITE_ENABLE_COLUMN_METADATA=1 -DSQLITE_TEMP_STORE=3 -DSQLITE_DEFAULT_MMAP_SIZE=268435456  conftest.c >&5
configure:8627: $? = 0
configure:8627: result: yes
configure:8627: checking for unistd.h
configure:8627: /home/user/-f2fs/oe/build.OE-Generic.x86_64-9.0-devel/toolchain/bin/host-gcc -c -O2 -I/home/user/-f2fs/oe/build.OE-Generic.x86_64-9.0-devel/toolchain/include -fdiagnostics-color=always -Wno-format-security -DSQLITE_ENABLE_STAT3 -DSQLITE_ENABLE_COLUMN_METADATA=1 -DSQLITE_TEMP_STORE=3 -DSQLITE_DEFAULT_MMAP_SIZE=268435456  conftest.c >&5
configure:8627: $? = 0
configure:8627: result: yes
configure:8641: checking for dlfcn.h
configure:8641: /home/user/-f2fs/oe/build.OE-Generic.x86_64-9.0-devel/toolchain/bin/host-gcc -c -O2 -I/home/user/-f2fs/oe/build.OE-Generic.x86_64-9.0-devel/toolchain/include -fdiagnostics-color=always -Wno-format-security -DSQLITE_ENABLE_STAT3 -DSQLITE_ENABLE_COLUMN_METADATA=1 -DSQLITE_TEMP_STORE=3 -DSQLITE_DEFAULT_MMAP_SIZE=268435456  conftest.c >&5
configure:8641: $? = 0
configure:8641: result: yes
configure:8897: checking for objdir
configure:8912: result: .libs
configure:9172: checking if /home/user/-f2fs/oe/build.OE-Generic.x86_64-9.0-devel/toolchain/bin/host-gcc supports -fno-rtti -fno-exceptions
configure:9190: /home/user/-f2fs/oe/build.OE-Generic.x86_64-9.0-devel/toolchain/bin/host-gcc -c -O2 -I/home/user/-f2fs/oe/build.OE-Generic.x86_64-9.0-devel/toolchain/include -fdiagnostics-color=always -Wno-format-security -DSQLITE_ENABLE_STAT3 -DSQLITE_ENABLE_COLUMN_METADATA=1 -DSQLITE_TEMP_STORE=3 -DSQLITE_DEFAULT_MMAP_SIZE=268435456  -fno-rtti -fno-exceptions conftest.c >&5
[01m[Kcc1:[m[K [01;35m[Kwarning: [m[Kcommand line option '[01m[K-fno-rtti[m[K' is valid for C++/ObjC++ but not for C
configure:9194: $? = 0
configure:9207: result: no
configure:9565: checking for /home/user/-f2fs/oe/build.OE-Generic.x86_64-9.0-devel/toolchain/bin/host-gcc option to produce PIC
configure:9572: result: -fPIC -DPIC
configure:9580: checking if /home/user/-f2fs/oe/build.OE-Generic.x86_64-9.0-devel/toolchain/bin/host-gcc PIC flag -fPIC -DPIC works
configure:9598: /home/user/-f2fs/oe/build.OE-Generic.x86_64-9.0-devel/toolchain/bin/host-gcc -c -O2 -I/home/user/-f2fs/oe/build.OE-Generic.x86_64-9.0-devel/toolchain/include -fdiagnostics-color=always -Wno-format-security -DSQLITE_ENABLE_STAT3 -DSQLITE_ENABLE_COLUMN_METADATA=1 -DSQLITE_TEMP_STORE=3 -DSQLITE_DEFAULT_MMAP_SIZE=268435456  -fPIC -DPIC -DPIC conftest.c >&5
configure:9602: $? = 0
configure:9615: result: yes
configure:9644: checking if /home/user/-f2fs/oe/build.OE-Generic.x86_64-9.0-devel/toolchain/bin/host-gcc static flag -static works
configure:9672: result: yes
configure:9687: checking if /home/user/-f2fs/oe/build.OE-Generic.x86_64-9.0-devel/toolchain/bin/host-gcc supports -c -o file.o
configure:9708: /home/user/-f2fs/oe/build.OE-Generic.x86_64-9.0-devel/toolchain/bin/host-gcc -c -O2 -I/home/user/-f2fs/oe/build.OE-Generic.x86_64-9.0-devel/toolchain/include -fdiagnostics-color=always -Wno-format-security -DSQLITE_ENABLE_STAT3 -DSQLITE_ENABLE_COLUMN_METADATA=1 -DSQLITE_TEMP_STORE=3 -DSQLITE_DEFAULT_MMAP_SIZE=268435456  -o out/conftest2.o conftest.c >&5
configure:9712: $? = 0
configure:9734: result: yes
configure:9742: checking if /home/user/-f2fs/oe/build.OE-Generic.x86_64-9.0-devel/toolchain/bin/host-gcc supports -c -o file.o
configure:9789: result: yes
configure:9822: checking whether the /home/user/-f2fs/oe/build.OE-Generic.x86_64-9.0-devel/toolchain/bin/host-gcc linker (ld -m elf_x86_64) supports shared libraries
configure:11081: result: yes
configure:11118: checking whether -lc should be explicitly linked in
configure:11126: /home/user/-f2fs/oe/build.OE-Generic.x86_64-9.0-devel/toolchain/bin/host-gcc -c -O2 -I/home/user/-f2fs/oe/build.OE-Generic.x86_64-9.0-devel/toolchain/include -fdiagnostics-color=always -Wno-format-security -DSQLITE_ENABLE_STAT3 -DSQLITE_ENABLE_COLUMN_METADATA=1 -DSQLITE_TEMP_STORE=3 -DSQLITE_DEFAULT_MMAP_SIZE=268435456  conftest.c >&5
configure:11129: $? = 0
configure:11144: /home/user/-f2fs/oe/build.OE-Generic.x86_64-9.0-devel/toolchain/bin/host-gcc -shared  -fPIC -DPIC conftest.o  -v -Wl,-soname -Wl,conftest -o conftest 2\>\&1 \| /bin/grep  -lc  \>/dev/null 2\>\&1
configure:11147: $? = 0
configure:11161: result: no
configure:11321: checking dynamic linker characteristics
configure:11902: /home/user/-f2fs/oe/build.OE-Generic.x86_64-9.0-devel/toolchain/bin/host-gcc -o conftest -O2 -I/home/user/-f2fs/oe/build.OE-Generic.x86_64-9.0-devel/toolchain/include -fdiagnostics-color=always -Wno-format-security -DSQLITE_ENABLE_STAT3 -DSQLITE_ENABLE_COLUMN_METADATA=1 -DSQLITE_TEMP_STORE=3 -DSQLITE_DEFAULT_MMAP_SIZE=268435456  -Wl,-rpath,/home/user/-f2fs/oe/build.OE-Generic.x86_64-9.0-devel/toolchain/lib -L/home/user/-f2fs/oe/build.OE-Generic.x86_64-9.0-devel/toolchain/lib -Wl,-rpath -Wl,/foo conftest.c  >&5
configure:11902: $? = 0
configure:12139: result: GNU/Linux ld.so
configure:12261: checking how to hardcode library paths into programs
configure:12286: result: immediate
configure:12834: checking whether stripping libraries is possible
configure:12839: result: yes
configure:12874: checking if libtool supports shared libraries
configure:12876: result: yes
configure:12879: checking whether to build shared libraries
configure:12904: result: yes
configure:12907: checking whether to build static libraries
configure:12911: result: no
configure:12954: checking for fdatasync
configure:12954: /home/user/-f2fs/oe/build.OE-Generic.x86_64-9.0-devel/toolchain/bin/host-gcc -o conftest -O2 -I/home/user/-f2fs/oe/build.OE-Generic.x86_64-9.0-devel/toolchain/include -fdiagnostics-color=always -Wno-format-security -DSQLITE_ENABLE_STAT3 -DSQLITE_ENABLE_COLUMN_METADATA=1 -DSQLITE_TEMP_STORE=3 -DSQLITE_DEFAULT_MMAP_SIZE=268435456  -Wl,-rpath,/home/user/-f2fs/oe/build.OE-Generic.x86_64-9.0-devel/toolchain/lib -L/home/user/-f2fs/oe/build.OE-Generic.x86_64-9.0-devel/toolchain/lib conftest.c  >&5
configure:12954: $? = 0
configure:12954: result: yes
configure:12954: checking for usleep
configure:12954: /home/user/-f2fs/oe/build.OE-Generic.x86_64-9.0-devel/toolchain/bin/host-gcc -o conftest -O2 -I/home/user/-f2fs/oe/build.OE-Generic.x86_64-9.0-devel/toolchain/include -fdiagnostics-color=always -Wno-format-security -DSQLITE_ENABLE_STAT3 -DSQLITE_ENABLE_COLUMN_METADATA=1 -DSQLITE_TEMP_STORE=3 -DSQLITE_DEFAULT_MMAP_SIZE=268435456  -Wl,-rpath,/home/user/-f2fs/oe/build.OE-Generic.x86_64-9.0-devel/toolchain/lib -L/home/user/-f2fs/oe/build.OE-Generic.x86_64-9.0-devel/toolchain/lib conftest.c  >&5
configure:12954: $? = 0
configure:12954: result: yes
configure:12954: checking for fullfsync
configure:12954: /home/user/-f2fs/oe/build.OE-Generic.x86_64-9.0-devel/toolchain/bin/host-gcc -o conftest -O2 -I/home/user/-f2fs/oe/build.OE-Generic.x86_64-9.0-devel/toolchain/include -fdiagnostics-color=always -Wno-format-security -DSQLITE_ENABLE_STAT3 -DSQLITE_ENABLE_COLUMN_METADATA=1 -DSQLITE_TEMP_STORE=3 -DSQLITE_DEFAULT_MMAP_SIZE=268435456  -Wl,-rpath,/home/user/-f2fs/oe/build.OE-Generic.x86_64-9.0-devel/toolchain/lib -L/home/user/-f2fs/oe/build.OE-Generic.x86_64-9.0-devel/toolchain/lib conftest.c  >&5
/bin/ld: /tmp/cclGja9R.o: in function `main':
conftest.c:(.text.startup+0x7): undefined reference to `fullfsync'
collect2: error: ld returned 1 exit status
configure:12954: $? = 1
configure: failed program was:
| /* confdefs.h */
| #define PACKAGE_NAME "sqlite"
| #define PACKAGE_TARNAME "sqlite"
| #define PACKAGE_VERSION "3.24.0"
| #define PACKAGE_STRING "sqlite 3.24.0"
| #define PACKAGE_BUGREPORT "http://www.sqlite.org"
| #define PACKAGE_URL ""
| #define PACKAGE "sqlite"
| #define VERSION "3.24.0"
| #define STDC_HEADERS 1
| #define HAVE_SYS_TYPES_H 1
| #define HAVE_SYS_STAT_H 1
| #define HAVE_STDLIB_H 1
| #define HAVE_STRING_H 1
| #define HAVE_MEMORY_H 1
| #define HAVE_STRINGS_H 1
| #define HAVE_INTTYPES_H 1
| #define HAVE_STDINT_H 1
| #define HAVE_UNISTD_H 1
| #define HAVE_DLFCN_H 1
| #define LT_OBJDIR ".libs/"
| #define HAVE_FDATASYNC 1
| #define HAVE_USLEEP 1
| /* end confdefs.h.  */
| /* Define fullfsync to an innocuous variant, in case <limits.h> declares fullfsync.
|    For example, HP-UX 11i <limits.h> declares gettimeofday.  */
| #define fullfsync innocuous_fullfsync
| 
| /* System header to define __stub macros and hopefully few prototypes,
|     which can conflict with char fullfsync (); below.
|     Prefer <limits.h> to <assert.h> if __STDC__ is defined, since
|     <limits.h> exists even on freestanding compilers.  */
| 
| #ifdef __STDC__
| # include <limits.h>
| #else
| # include <assert.h>
| #endif
| 
| #undef fullfsync
| 
| /* Override any GCC internal prototype to avoid an error.
|    Use char because int might match the return type of a GCC
|    builtin and then its argument prototype would still apply.  */
| #ifdef __cplusplus
| extern "C"
| #endif
| char fullfsync ();
| /* The GNU C library defines this for functions which it implements
|     to always fail with ENOSYS.  Some functions are actually named
|     something starting with __ and the normal name is an alias.  */
| #if defined __stub_fullfsync || defined __stub___fullfsync
| choke me
| #endif
| 
| int
| main ()
| {
| return fullfsync ();
|   ;
|   return 0;
| }
configure:12954: result: no
configure:12954: checking for localtime_r
configure:12954: /home/user/-f2fs/oe/build.OE-Generic.x86_64-9.0-devel/toolchain/bin/host-gcc -o conftest -O2 -I/home/user/-f2fs/oe/build.OE-Generic.x86_64-9.0-devel/toolchain/include -fdiagnostics-color=always -Wno-format-security -DSQLITE_ENABLE_STAT3 -DSQLITE_ENABLE_COLUMN_METADATA=1 -DSQLITE_TEMP_STORE=3 -DSQLITE_DEFAULT_MMAP_SIZE=268435456  -Wl,-rpath,/home/user/-f2fs/oe/build.OE-Generic.x86_64-9.0-devel/toolchain/lib -L/home/user/-f2fs/oe/build.OE-Generic.x86_64-9.0-devel/toolchain/lib conftest.c  >&5
configure:12954: $? = 0
configure:12954: result: yes
configure:12954: checking for gmtime_r
configure:12954: /home/user/-f2fs/oe/build.OE-Generic.x86_64-9.0-devel/toolchain/bin/host-gcc -o conftest -O2 -I/home/user/-f2fs/oe/build.OE-Generic.x86_64-9.0-devel/toolchain/include -fdiagnostics-color=always -Wno-format-security -DSQLITE_ENABLE_STAT3 -DSQLITE_ENABLE_COLUMN_METADATA=1 -DSQLITE_TEMP_STORE=3 -DSQLITE_DEFAULT_MMAP_SIZE=268435456  -Wl,-rpath,/home/user/-f2fs/oe/build.OE-Generic.x86_64-9.0-devel/toolchain/lib -L/home/user/-f2fs/oe/build.OE-Generic.x86_64-9.0-devel/toolchain/lib conftest.c  >&5
configure:12954: $? = 0
configure:12954: result: yes
configure:12963: checking whether strerror_r is declared
configure:12963: /home/user/-f2fs/oe/build.OE-Generic.x86_64-9.0-devel/toolchain/bin/host-gcc -c -O2 -I/home/user/-f2fs/oe/build.OE-Generic.x86_64-9.0-devel/toolchain/include -fdiagnostics-color=always -Wno-format-security -DSQLITE_ENABLE_STAT3 -DSQLITE_ENABLE_COLUMN_METADATA=1 -DSQLITE_TEMP_STORE=3 -DSQLITE_DEFAULT_MMAP_SIZE=268435456  conftest.c >&5
configure:12963: $? = 0
configure:12963: result: yes
configure:12976: checking for strerror_r
configure:12976: /home/user/-f2fs/oe/build.OE-Generic.x86_64-9.0-devel/toolchain/bin/host-gcc -o conftest -O2 -I/home/user/-f2fs/oe/build.OE-Generic.x86_64-9.0-devel/toolchain/include -fdiagnostics-color=always -Wno-format-security -DSQLITE_ENABLE_STAT3 -DSQLITE_ENABLE_COLUMN_METADATA=1 -DSQLITE_TEMP_STORE=3 -DSQLITE_DEFAULT_MMAP_SIZE=268435456  -Wl,-rpath,/home/user/-f2fs/oe/build.OE-Generic.x86_64-9.0-devel/toolchain/lib -L/home/user/-f2fs/oe/build.OE-Generic.x86_64-9.0-devel/toolchain/lib conftest.c  >&5
configure:12976: $? = 0
configure:12976: result: yes
configure:12985: checking whether strerror_r returns char *
configure:13009: /home/user/-f2fs/oe/build.OE-Generic.x86_64-9.0-devel/toolchain/bin/host-gcc -c -O2 -I/home/user/-f2fs/oe/build.OE-Generic.x86_64-9.0-devel/toolchain/include -fdiagnostics-color=always -Wno-format-security -DSQLITE_ENABLE_STAT3 -DSQLITE_ENABLE_COLUMN_METADATA=1 -DSQLITE_TEMP_STORE=3 -DSQLITE_DEFAULT_MMAP_SIZE=268435456  conftest.c >&5
[01m[Kconftest.c:[m[K In function '[01m[Kmain[m[K':
[01m[Kconftest.c:67:13:[m[K [01;31m[Kerror: [m[Kinvalid type argument of unary '[01m[K*[m[K' (have '[01m[Kint[m[K')
    char x = [01;31m[K*strerror_r (0, buf, sizeof buf)[m[K;
             [01;31m[K^~~~~~~~~~~~~~~~~~~~~~~~~~~~~~~~[m[K
[01m[Kconftest.c:68:14:[m[K [01;35m[Kwarning: [m[Kinitialization of '[01m[Kchar *[m[K' from '[01m[Kint[m[K' makes pointer from integer without a cast [[01;35m[K-Wint-conversion[m[K]
    char *p = [01;35m[Kstrerror_r[m[K (0, buf, sizeof buf);
              [01;35m[K^~~~~~~~~~[m[K
configure:13009: $? = 1
configure: failed program was:
| /* confdefs.h */
| #define PACKAGE_NAME "sqlite"
| #define PACKAGE_TARNAME "sqlite"
| #define PACKAGE_VERSION "3.24.0"
| #define PACKAGE_STRING "sqlite 3.24.0"
| #define PACKAGE_BUGREPORT "http://www.sqlite.org"
| #define PACKAGE_URL ""
| #define PACKAGE "sqlite"
| #define VERSION "3.24.0"
| #define STDC_HEADERS 1
| #define HAVE_SYS_TYPES_H 1
| #define HAVE_SYS_STAT_H 1
| #define HAVE_STDLIB_H 1
| #define HAVE_STRING_H 1
| #define HAVE_MEMORY_H 1
| #define HAVE_STRINGS_H 1
| #define HAVE_INTTYPES_H 1
| #define HAVE_STDINT_H 1
| #define HAVE_UNISTD_H 1
| #define HAVE_DLFCN_H 1
| #define LT_OBJDIR ".libs/"
| #define HAVE_FDATASYNC 1
| #define HAVE_USLEEP 1
| #define HAVE_LOCALTIME_R 1
| #define HAVE_GMTIME_R 1
| #define HAVE_DECL_STRERROR_R 1
| #define HAVE_STRERROR_R 1
| /* end confdefs.h.  */
| #include <stdio.h>
| #ifdef HAVE_SYS_TYPES_H
| # include <sys/types.h>
| #endif
| #ifdef HAVE_SYS_STAT_H
| # include <sys/stat.h>
| #endif
| #ifdef STDC_HEADERS
| # include <stdlib.h>
| # include <stddef.h>
| #else
| # ifdef HAVE_STDLIB_H
| #  include <stdlib.h>
| # endif
| #endif
| #ifdef HAVE_STRING_H
| # if !defined STDC_HEADERS && defined HAVE_MEMORY_H
| #  include <memory.h>
| # endif
| # include <string.h>
| #endif
| #ifdef HAVE_STRINGS_H
| # include <strings.h>
| #endif
| #ifdef HAVE_INTTYPES_H
| # include <inttypes.h>
| #endif
| #ifdef HAVE_STDINT_H
| # include <stdint.h>
| #endif
| #ifdef HAVE_UNISTD_H
| # include <unistd.h>
| #endif
| int
| main ()
| {
| 
| 	  char buf[100];
| 	  char x = *strerror_r (0, buf, sizeof buf);
| 	  char *p = strerror_r (0, buf, sizeof buf);
| 	  return !p || x;
| 
|   ;
|   return 0;
| }
configure:13047: result: no
configure:13091: checking editline/readline.h usability
configure:13091: /home/user/-f2fs/oe/build.OE-Generic.x86_64-9.0-devel/toolchain/bin/host-gcc -c -O2 -I/home/user/-f2fs/oe/build.OE-Generic.x86_64-9.0-devel/toolchain/include -fdiagnostics-color=always -Wno-format-security -DSQLITE_ENABLE_STAT3 -DSQLITE_ENABLE_COLUMN_METADATA=1 -DSQLITE_TEMP_STORE=3 -DSQLITE_DEFAULT_MMAP_SIZE=268435456  conftest.c >&5
configure:13091: $? = 0
configure:13091: result: yes
configure:13091: checking editline/readline.h presence
configure:13091: cpp  conftest.c
configure:13091: $? = 0
configure:13091: result: yes
configure:13091: checking for editline/readline.h
configure:13091: result: yes
configure:13099: checking for library containing readline
configure:13130: /home/user/-f2fs/oe/build.OE-Generic.x86_64-9.0-devel/toolchain/bin/host-gcc -o conftest -O2 -I/home/user/-f2fs/oe/build.OE-Generic.x86_64-9.0-devel/toolchain/include -fdiagnostics-color=always -Wno-format-security -DSQLITE_ENABLE_STAT3 -DSQLITE_ENABLE_COLUMN_METADATA=1 -DSQLITE_TEMP_STORE=3 -DSQLITE_DEFAULT_MMAP_SIZE=268435456  -Wl,-rpath,/home/user/-f2fs/oe/build.OE-Generic.x86_64-9.0-devel/toolchain/lib -L/home/user/-f2fs/oe/build.OE-Generic.x86_64-9.0-devel/toolchain/lib conftest.c  >&5
/bin/ld: /tmp/ccymRa39.o: in function `main':
conftest.c:(.text.startup+0x7): undefined reference to `readline'
collect2: error: ld returned 1 exit status
configure:13130: $? = 1
configure: failed program was:
| /* confdefs.h */
| #define PACKAGE_NAME "sqlite"
| #define PACKAGE_TARNAME "sqlite"
| #define PACKAGE_VERSION "3.24.0"
| #define PACKAGE_STRING "sqlite 3.24.0"
| #define PACKAGE_BUGREPORT "http://www.sqlite.org"
| #define PACKAGE_URL ""
| #define PACKAGE "sqlite"
| #define VERSION "3.24.0"
| #define STDC_HEADERS 1
| #define HAVE_SYS_TYPES_H 1
| #define HAVE_SYS_STAT_H 1
| #define HAVE_STDLIB_H 1
| #define HAVE_STRING_H 1
| #define HAVE_MEMORY_H 1
| #define HAVE_STRINGS_H 1
| #define HAVE_INTTYPES_H 1
| #define HAVE_STDINT_H 1
| #define HAVE_UNISTD_H 1
| #define HAVE_DLFCN_H 1
| #define LT_OBJDIR ".libs/"
| #define HAVE_FDATASYNC 1
| #define HAVE_USLEEP 1
| #define HAVE_LOCALTIME_R 1
| #define HAVE_GMTIME_R 1
| #define HAVE_DECL_STRERROR_R 1
| #define HAVE_STRERROR_R 1
| #define HAVE_EDITLINE_READLINE_H 1
| /* end confdefs.h.  */
| 
| /* Override any GCC internal prototype to avoid an error.
|    Use char because int might match the return type of a GCC
|    builtin and then its argument prototype would still apply.  */
| #ifdef __cplusplus
| extern "C"
| #endif
| char readline ();
| int
| main ()
| {
| return readline ();
|   ;
|   return 0;
| }
configure:13130: /home/user/-f2fs/oe/build.OE-Generic.x86_64-9.0-devel/toolchain/bin/host-gcc -o conftest -O2 -I/home/user/-f2fs/oe/build.OE-Generic.x86_64-9.0-devel/toolchain/include -fdiagnostics-color=always -Wno-format-security -DSQLITE_ENABLE_STAT3 -DSQLITE_ENABLE_COLUMN_METADATA=1 -DSQLITE_TEMP_STORE=3 -DSQLITE_DEFAULT_MMAP_SIZE=268435456  -Wl,-rpath,/home/user/-f2fs/oe/build.OE-Generic.x86_64-9.0-devel/toolchain/lib -L/home/user/-f2fs/oe/build.OE-Generic.x86_64-9.0-devel/toolchain/lib conftest.c -ledit -ltinfo  >&5
configure:13130: $? = 0
configure:13147: result: -ledit
configure:13325: checking for library containing pthread_create
configure:13356: /home/user/-f2fs/oe/build.OE-Generic.x86_64-9.0-devel/toolchain/bin/host-gcc -o conftest -O2 -I/home/user/-f2fs/oe/build.OE-Generic.x86_64-9.0-devel/toolchain/include -fdiagnostics-color=always -Wno-format-security -DSQLITE_ENABLE_STAT3 -DSQLITE_ENABLE_COLUMN_METADATA=1 -DSQLITE_TEMP_STORE=3 -DSQLITE_DEFAULT_MMAP_SIZE=268435456  -Wl,-rpath,/home/user/-f2fs/oe/build.OE-Generic.x86_64-9.0-devel/toolchain/lib -L/home/user/-f2fs/oe/build.OE-Generic.x86_64-9.0-devel/toolchain/lib conftest.c  >&5
/bin/ld: /tmp/ccMLfosf.o: in function `main':
conftest.c:(.text.startup+0x7): undefined reference to `pthread_create'
collect2: error: ld returned 1 exit status
configure:13356: $? = 1
configure: failed program was:
| /* confdefs.h */
| #define PACKAGE_NAME "sqlite"
| #define PACKAGE_TARNAME "sqlite"
| #define PACKAGE_VERSION "3.24.0"
| #define PACKAGE_STRING "sqlite 3.24.0"
| #define PACKAGE_BUGREPORT "http://www.sqlite.org"
| #define PACKAGE_URL ""
| #define PACKAGE "sqlite"
| #define VERSION "3.24.0"
| #define STDC_HEADERS 1
| #define HAVE_SYS_TYPES_H 1
| #define HAVE_SYS_STAT_H 1
| #define HAVE_STDLIB_H 1
| #define HAVE_STRING_H 1
| #define HAVE_MEMORY_H 1
| #define HAVE_STRINGS_H 1
| #define HAVE_INTTYPES_H 1
| #define HAVE_STDINT_H 1
| #define HAVE_UNISTD_H 1
| #define HAVE_DLFCN_H 1
| #define LT_OBJDIR ".libs/"
| #define HAVE_FDATASYNC 1
| #define HAVE_USLEEP 1
| #define HAVE_LOCALTIME_R 1
| #define HAVE_GMTIME_R 1
| #define HAVE_DECL_STRERROR_R 1
| #define HAVE_STRERROR_R 1
| #define HAVE_EDITLINE_READLINE_H 1
| #define HAVE_EDITLINE 1
| /* end confdefs.h.  */
| 
| /* Override any GCC internal prototype to avoid an error.
|    Use char because int might match the return type of a GCC
|    builtin and then its argument prototype would still apply.  */
| #ifdef __cplusplus
| extern "C"
| #endif
| char pthread_create ();
| int
| main ()
| {
| return pthread_create ();
|   ;
|   return 0;
| }
configure:13356: /home/user/-f2fs/oe/build.OE-Generic.x86_64-9.0-devel/toolchain/bin/host-gcc -o conftest -O2 -I/home/user/-f2fs/oe/build.OE-Generic.x86_64-9.0-devel/toolchain/include -fdiagnostics-color=always -Wno-format-security -DSQLITE_ENABLE_STAT3 -DSQLITE_ENABLE_COLUMN_METADATA=1 -DSQLITE_TEMP_STORE=3 -DSQLITE_DEFAULT_MMAP_SIZE=268435456  -Wl,-rpath,/home/user/-f2fs/oe/build.OE-Generic.x86_64-9.0-devel/toolchain/lib -L/home/user/-f2fs/oe/build.OE-Generic.x86_64-9.0-devel/toolchain/lib conftest.c -lpthread   >&5
configure:13356: $? = 0
configure:13373: result: -lpthread
configure:13381: checking for library containing pthread_mutexattr_init
configure:13412: /home/user/-f2fs/oe/build.OE-Generic.x86_64-9.0-devel/toolchain/bin/host-gcc -o conftest -O2 -I/home/user/-f2fs/oe/build.OE-Generic.x86_64-9.0-devel/toolchain/include -fdiagnostics-color=always -Wno-format-security -DSQLITE_ENABLE_STAT3 -DSQLITE_ENABLE_COLUMN_METADATA=1 -DSQLITE_TEMP_STORE=3 -DSQLITE_DEFAULT_MMAP_SIZE=268435456  -Wl,-rpath,/home/user/-f2fs/oe/build.OE-Generic.x86_64-9.0-devel/toolchain/lib -L/home/user/-f2fs/oe/build.OE-Generic.x86_64-9.0-devel/toolchain/lib conftest.c -lpthread  >&5
configure:13412: $? = 0
configure:13429: result: none required
configure:13452: checking for library containing dlopen
configure:13483: /home/user/-f2fs/oe/build.OE-Generic.x86_64-9.0-devel/toolchain/bin/host-gcc -o conftest -O2 -I/home/user/-f2fs/oe/build.OE-Generic.x86_64-9.0-devel/toolchain/include -fdiagnostics-color=always -Wno-format-security -DSQLITE_ENABLE_STAT3 -DSQLITE_ENABLE_COLUMN_METADATA=1 -DSQLITE_TEMP_STORE=3 -DSQLITE_DEFAULT_MMAP_SIZE=268435456  -Wl,-rpath,/home/user/-f2fs/oe/build.OE-Generic.x86_64-9.0-devel/toolchain/lib -L/home/user/-f2fs/oe/build.OE-Generic.x86_64-9.0-devel/toolchain/lib conftest.c -lpthread  >&5
/bin/ld: /tmp/cccyklhk.o: in function `main':
conftest.c:(.text.startup+0x7): undefined reference to `dlopen'
collect2: error: ld returned 1 exit status
configure:13483: $? = 1
configure: failed program was:
| /* confdefs.h */
| #define PACKAGE_NAME "sqlite"
| #define PACKAGE_TARNAME "sqlite"
| #define PACKAGE_VERSION "3.24.0"
| #define PACKAGE_STRING "sqlite 3.24.0"
| #define PACKAGE_BUGREPORT "http://www.sqlite.org"
| #define PACKAGE_URL ""
| #define PACKAGE "sqlite"
| #define VERSION "3.24.0"
| #define STDC_HEADERS 1
| #define HAVE_SYS_TYPES_H 1
| #define HAVE_SYS_STAT_H 1
| #define HAVE_STDLIB_H 1
| #define HAVE_STRING_H 1
| #define HAVE_MEMORY_H 1
| #define HAVE_STRINGS_H 1
| #define HAVE_INTTYPES_H 1
| #define HAVE_STDINT_H 1
| #define HAVE_UNISTD_H 1
| #define HAVE_DLFCN_H 1
| #define LT_OBJDIR ".libs/"
| #define HAVE_FDATASYNC 1
| #define HAVE_USLEEP 1
| #define HAVE_LOCALTIME_R 1
| #define HAVE_GMTIME_R 1
| #define HAVE_DECL_STRERROR_R 1
| #define HAVE_STRERROR_R 1
| #define HAVE_EDITLINE_READLINE_H 1
| #define HAVE_EDITLINE 1
| /* end confdefs.h.  */
| 
| /* Override any GCC internal prototype to avoid an error.
|    Use char because int might match the return type of a GCC
|    builtin and then its argument prototype would still apply.  */
| #ifdef __cplusplus
| extern "C"
| #endif
| char dlopen ();
| int
| main ()
| {
| return dlopen ();
|   ;
|   return 0;
| }
configure:13483: /home/user/-f2fs/oe/build.OE-Generic.x86_64-9.0-devel/toolchain/bin/host-gcc -o conftest -O2 -I/home/user/-f2fs/oe/build.OE-Generic.x86_64-9.0-devel/toolchain/include -fdiagnostics-color=always -Wno-format-security -DSQLITE_ENABLE_STAT3 -DSQLITE_ENABLE_COLUMN_METADATA=1 -DSQLITE_TEMP_STORE=3 -DSQLITE_DEFAULT_MMAP_SIZE=268435456  -Wl,-rpath,/home/user/-f2fs/oe/build.OE-Generic.x86_64-9.0-devel/toolchain/lib -L/home/user/-f2fs/oe/build.OE-Generic.x86_64-9.0-devel/toolchain/lib conftest.c -ldl  -lpthread  >&5
configure:13483: $? = 0
configure:13500: result: -ldl
configure:13511: checking for whether to support dynamic extensions
configure:13513: result: yes
configure:13529: checking for library containing log
configure:13560: /home/user/-f2fs/oe/build.OE-Generic.x86_64-9.0-devel/toolchain/bin/host-gcc -o conftest -O2 -I/home/user/-f2fs/oe/build.OE-Generic.x86_64-9.0-devel/toolchain/include -fdiagnostics-color=always -Wno-format-security -DSQLITE_ENABLE_STAT3 -DSQLITE_ENABLE_COLUMN_METADATA=1 -DSQLITE_TEMP_STORE=3 -DSQLITE_DEFAULT_MMAP_SIZE=268435456  -Wl,-rpath,/home/user/-f2fs/oe/build.OE-Generic.x86_64-9.0-devel/toolchain/lib -L/home/user/-f2fs/oe/build.OE-Generic.x86_64-9.0-devel/toolchain/lib conftest.c -ldl -lpthread  >&5
[01m[Kconftest.c:38:6:[m[K [01;35m[Kwarning: [m[Kconflicting types for built-in function '[01m[Klog[m[K' [[01;35m[K-Wbuiltin-declaration-mismatch[m[K]
 char [01;35m[Klog[m[K ();
      [01;35m[K^~~[m[K
/bin/ld: /tmp/ccBj2lGp.o: in function `main':
conftest.c:(.text.startup+0x7): undefined reference to `log'
collect2: error: ld returned 1 exit status
configure:13560: $? = 1
configure: failed program was:
| /* confdefs.h */
| #define PACKAGE_NAME "sqlite"
| #define PACKAGE_TARNAME "sqlite"
| #define PACKAGE_VERSION "3.24.0"
| #define PACKAGE_STRING "sqlite 3.24.0"
| #define PACKAGE_BUGREPORT "http://www.sqlite.org"
| #define PACKAGE_URL ""
| #define PACKAGE "sqlite"
| #define VERSION "3.24.0"
| #define STDC_HEADERS 1
| #define HAVE_SYS_TYPES_H 1
| #define HAVE_SYS_STAT_H 1
| #define HAVE_STDLIB_H 1
| #define HAVE_STRING_H 1
| #define HAVE_MEMORY_H 1
| #define HAVE_STRINGS_H 1
| #define HAVE_INTTYPES_H 1
| #define HAVE_STDINT_H 1
| #define HAVE_UNISTD_H 1
| #define HAVE_DLFCN_H 1
| #define LT_OBJDIR ".libs/"
| #define HAVE_FDATASYNC 1
| #define HAVE_USLEEP 1
| #define HAVE_LOCALTIME_R 1
| #define HAVE_GMTIME_R 1
| #define HAVE_DECL_STRERROR_R 1
| #define HAVE_STRERROR_R 1
| #define HAVE_EDITLINE_READLINE_H 1
| #define HAVE_EDITLINE 1
| /* end confdefs.h.  */
| 
| /* Override any GCC internal prototype to avoid an error.
|    Use char because int might match the return type of a GCC
|    builtin and then its argument prototype would still apply.  */
| #ifdef __cplusplus
| extern "C"
| #endif
| char log ();
| int
| main ()
| {
| return log ();
|   ;
|   return 0;
| }
configure:13560: /home/user/-f2fs/oe/build.OE-Generic.x86_64-9.0-devel/toolchain/bin/host-gcc -o conftest -O2 -I/home/user/-f2fs/oe/build.OE-Generic.x86_64-9.0-devel/toolchain/include -fdiagnostics-color=always -Wno-format-security -DSQLITE_ENABLE_STAT3 -DSQLITE_ENABLE_COLUMN_METADATA=1 -DSQLITE_TEMP_STORE=3 -DSQLITE_DEFAULT_MMAP_SIZE=268435456  -Wl,-rpath,/home/user/-f2fs/oe/build.OE-Generic.x86_64-9.0-devel/toolchain/lib -L/home/user/-f2fs/oe/build.OE-Generic.x86_64-9.0-devel/toolchain/lib conftest.c -lm  -ldl -lpthread  >&5
[01m[Kconftest.c:38:6:[m[K [01;35m[Kwarning: [m[Kconflicting types for built-in function '[01m[Klog[m[K' [[01;35m[K-Wbuiltin-declaration-mismatch[m[K]
 char [01;35m[Klog[m[K ();
      [01;35m[K^~~[m[K
configure:13560: $? = 0
configure:13577: result: -lm
configure:13658: checking for posix_fallocate
configure:13658: /home/user/-f2fs/oe/build.OE-Generic.x86_64-9.0-devel/toolchain/bin/host-gcc -o conftest -O2 -I/home/user/-f2fs/oe/build.OE-Generic.x86_64-9.0-devel/toolchain/include -fdiagnostics-color=always -Wno-format-security -DSQLITE_ENABLE_STAT3 -DSQLITE_ENABLE_COLUMN_METADATA=1 -DSQLITE_TEMP_STORE=3 -DSQLITE_DEFAULT_MMAP_SIZE=268435456  -Wl,-rpath,/home/user/-f2fs/oe/build.OE-Generic.x86_64-9.0-devel/toolchain/lib -L/home/user/-f2fs/oe/build.OE-Generic.x86_64-9.0-devel/toolchain/lib conftest.c -lm -ldl -lpthread  >&5
configure:13658: $? = 0
configure:13658: result: yes
configure:13669: checking zlib.h usability
configure:13669: /home/user/-f2fs/oe/build.OE-Generic.x86_64-9.0-devel/toolchain/bin/host-gcc -c -O2 -I/home/user/-f2fs/oe/build.OE-Generic.x86_64-9.0-devel/toolchain/include -fdiagnostics-color=always -Wno-format-security -DSQLITE_ENABLE_STAT3 -DSQLITE_ENABLE_COLUMN_METADATA=1 -DSQLITE_TEMP_STORE=3 -DSQLITE_DEFAULT_MMAP_SIZE=268435456  conftest.c >&5
configure:13669: $? = 0
configure:13669: result: yes
configure:13669: checking zlib.h presence
configure:13669: cpp  conftest.c
configure:13669: $? = 0
configure:13669: result: yes
configure:13669: checking for zlib.h
configure:13669: result: yes
configure:13675: checking for library containing deflate
configure:13706: /home/user/-f2fs/oe/build.OE-Generic.x86_64-9.0-devel/toolchain/bin/host-gcc -o conftest -O2 -I/home/user/-f2fs/oe/build.OE-Generic.x86_64-9.0-devel/toolchain/include -fdiagnostics-color=always -Wno-format-security -DSQLITE_ENABLE_STAT3 -DSQLITE_ENABLE_COLUMN_METADATA=1 -DSQLITE_TEMP_STORE=3 -DSQLITE_DEFAULT_MMAP_SIZE=268435456  -Wl,-rpath,/home/user/-f2fs/oe/build.OE-Generic.x86_64-9.0-devel/toolchain/lib -L/home/user/-f2fs/oe/build.OE-Generic.x86_64-9.0-devel/toolchain/lib conftest.c -lm -ldl -lpthread  >&5
/bin/ld: /tmp/ccTKjqkA.o: in function `main':
conftest.c:(.text.startup+0x7): undefined reference to `deflate'
collect2: error: ld returned 1 exit status
configure:13706: $? = 1
configure: failed program was:
| /* confdefs.h */
| #define PACKAGE_NAME "sqlite"
| #define PACKAGE_TARNAME "sqlite"
| #define PACKAGE_VERSION "3.24.0"
| #define PACKAGE_STRING "sqlite 3.24.0"
| #define PACKAGE_BUGREPORT "http://www.sqlite.org"
| #define PACKAGE_URL ""
| #define PACKAGE "sqlite"
| #define VERSION "3.24.0"
| #define STDC_HEADERS 1
| #define HAVE_SYS_TYPES_H 1
| #define HAVE_SYS_STAT_H 1
| #define HAVE_STDLIB_H 1
| #define HAVE_STRING_H 1
| #define HAVE_MEMORY_H 1
| #define HAVE_STRINGS_H 1
| #define HAVE_INTTYPES_H 1
| #define HAVE_STDINT_H 1
| #define HAVE_UNISTD_H 1
| #define HAVE_DLFCN_H 1
| #define LT_OBJDIR ".libs/"
| #define HAVE_FDATASYNC 1
| #define HAVE_USLEEP 1
| #define HAVE_LOCALTIME_R 1
| #define HAVE_GMTIME_R 1
| #define HAVE_DECL_STRERROR_R 1
| #define HAVE_STRERROR_R 1
| #define HAVE_EDITLINE_READLINE_H 1
| #define HAVE_EDITLINE 1
| #define HAVE_POSIX_FALLOCATE 1
| #define HAVE_ZLIB_H 1
| /* end confdefs.h.  */
| 
| /* Override any GCC internal prototype to avoid an error.
|    Use char because int might match the return type of a GCC
|    builtin and then its argument prototype would still apply.  */
| #ifdef __cplusplus
| extern "C"
| #endif
| char deflate ();
| int
| main ()
| {
| return deflate ();
|   ;
|   return 0;
| }
configure:13706: /home/user/-f2fs/oe/build.OE-Generic.x86_64-9.0-devel/toolchain/bin/host-gcc -o conftest -O2 -I/home/user/-f2fs/oe/build.OE-Generic.x86_64-9.0-devel/toolchain/include -fdiagnostics-color=always -Wno-format-security -DSQLITE_ENABLE_STAT3 -DSQLITE_ENABLE_COLUMN_METADATA=1 -DSQLITE_TEMP_STORE=3 -DSQLITE_DEFAULT_MMAP_SIZE=268435456  -Wl,-rpath,/home/user/-f2fs/oe/build.OE-Generic.x86_64-9.0-devel/toolchain/lib -L/home/user/-f2fs/oe/build.OE-Generic.x86_64-9.0-devel/toolchain/lib conftest.c -lz  -lm -ldl -lpthread  >&5
configure:13706: $? = 0
configure:13723: result: -lz
configure:13738: checking for library containing system
configure:13769: /home/user/-f2fs/oe/build.OE-Generic.x86_64-9.0-devel/toolchain/bin/host-gcc -o conftest -O2 -I/home/user/-f2fs/oe/build.OE-Generic.x86_64-9.0-devel/toolchain/include -fdiagnostics-color=always -Wno-format-security -DSQLITE_ENABLE_STAT3 -DSQLITE_ENABLE_COLUMN_METADATA=1 -DSQLITE_TEMP_STORE=3 -DSQLITE_DEFAULT_MMAP_SIZE=268435456  -Wl,-rpath,/home/user/-f2fs/oe/build.OE-Generic.x86_64-9.0-devel/toolchain/lib -L/home/user/-f2fs/oe/build.OE-Generic.x86_64-9.0-devel/toolchain/lib conftest.c -lz -lm -ldl -lpthread  >&5
configure:13769: $? = 0
configure:13786: result: none required
configure:13968: checking that generated files are newer than configure
configure:13974: result: done
configure:14001: creating ./config.status

## ---------------------- ##
## Running config.status. ##
## ---------------------- ##

This file was extended by sqlite config.status 3.24.0, which was
generated by GNU Autoconf 2.69.  Invocation command line was

  CONFIG_FILES    = 
  CONFIG_HEADERS  = 
  CONFIG_LINKS    = 
  CONFIG_COMMANDS = 
  $ ./config.status 

on vmware

config.status:1021: creating Makefile
config.status:1021: creating sqlite3.pc
config.status:1178: executing depfiles commands
config.status:1255: cd .       && sed -e '/# am--include-marker/d' Makefile         | make -f - am--depfiles
config.status:1260: $? = 0
config.status:1178: executing libtool commands

## ---------------- ##
## Cache variables. ##
## ---------------- ##

ac_cv_build=x86_64-pc-linux-gnu
ac_cv_c_compiler_gnu=yes
ac_cv_env_CC_set=set
ac_cv_env_CC_value=/home/user/-f2fs/oe/build.OE-Generic.x86_64-9.0-devel/toolchain/bin/host-gcc
ac_cv_env_CFLAGS_set=set
ac_cv_env_CFLAGS_value='-O2 -I/home/user/-f2fs/oe/build.OE-Generic.x86_64-9.0-devel/toolchain/include -fdiagnostics-color=always -Wno-format-security -DSQLITE_ENABLE_STAT3 -DSQLITE_ENABLE_COLUMN_METADATA=1 -DSQLITE_TEMP_STORE=3 -DSQLITE_DEFAULT_MMAP_SIZE=268435456'
ac_cv_env_CPPFLAGS_set=set
ac_cv_env_CPPFLAGS_value=
ac_cv_env_CPP_set=set
ac_cv_env_CPP_value=cpp
ac_cv_env_LDFLAGS_set=set
ac_cv_env_LDFLAGS_value='-Wl,-rpath,/home/user/-f2fs/oe/build.OE-Generic.x86_64-9.0-devel/toolchain/lib -L/home/user/-f2fs/oe/build.OE-Generic.x86_64-9.0-devel/toolchain/lib'
ac_cv_env_LIBS_set=
ac_cv_env_LIBS_value=
ac_cv_env_LT_SYS_LIBRARY_PATH_set=
ac_cv_env_LT_SYS_LIBRARY_PATH_value=
ac_cv_env_build_alias_set=set
ac_cv_env_build_alias_value=x86_64-pc-linux-gnu
ac_cv_env_host_alias_set=set
ac_cv_env_host_alias_value=x86_64-pc-linux-gnu
ac_cv_env_target_alias_set=
ac_cv_env_target_alias_value=
ac_cv_func_fdatasync=yes
ac_cv_func_fullfsync=no
ac_cv_func_gmtime_r=yes
ac_cv_func_localtime_r=yes
ac_cv_func_posix_fallocate=yes
ac_cv_func_strerror_r=yes
ac_cv_func_strerror_r_char_p=no
ac_cv_func_usleep=yes
ac_cv_have_decl_strerror_r=yes
ac_cv_header_dlfcn_h=yes
ac_cv_header_editline_readline_h=yes
ac_cv_header_inttypes_h=yes
ac_cv_header_memory_h=yes
ac_cv_header_stdc=yes
ac_cv_header_stdint_h=yes
ac_cv_header_stdlib_h=yes
ac_cv_header_string_h=yes
ac_cv_header_strings_h=yes
ac_cv_header_sys_stat_h=yes
ac_cv_header_sys_types_h=yes
ac_cv_header_unistd_h=yes
ac_cv_header_zlib_h=yes
ac_cv_host=x86_64-pc-linux-gnu
ac_cv_objext=o
ac_cv_path_EGREP='/bin/grep -E'
ac_cv_path_FGREP='/bin/grep -F'
ac_cv_path_GREP=/bin/grep
ac_cv_path_SED=/home/user/-f2fs/oe/build.OE-Generic.x86_64-9.0-devel/toolchain/bin/sed
ac_cv_path_install='/bin/install -c'
ac_cv_path_lt_DD=/bin/dd
ac_cv_path_mkdir=/bin/mkdir
ac_cv_prog_AR=ar
ac_cv_prog_AWK=gawk
ac_cv_prog_CC=/home/user/-f2fs/oe/build.OE-Generic.x86_64-9.0-devel/toolchain/bin/host-gcc
ac_cv_prog_CPP=cpp
ac_cv_prog_OBJDUMP=objdump
ac_cv_prog_RANLIB=ranlib
ac_cv_prog_STRIP=strip
ac_cv_prog_cc_c89=
ac_cv_prog_cc_g=yes
ac_cv_prog_make_make_set=yes
ac_cv_search_deflate=-lz
ac_cv_search_dlopen=-ldl
ac_cv_search_log=-lm
ac_cv_search_pthread_create=-lpthread
ac_cv_search_pthread_mutexattr_init='none required'
ac_cv_search_system='none required'
ac_cv_sys_file_offset_bits=no
ac_cv_sys_largefile_CC=no
am_cv_CC_dependencies_compiler_type=gcc3
am_cv_make_support_nested_variables=yes
am_cv_prog_cc_c_o=yes
lt_cv_ar_at_file=@
lt_cv_archive_cmds_need_lc=no
lt_cv_deplibs_check_method=pass_all
lt_cv_file_magic_cmd='$MAGIC_CMD'
lt_cv_file_magic_test_file=
lt_cv_ld_reload_flag=-r
lt_cv_nm_interface='BSD nm'
lt_cv_objdir=.libs
lt_cv_path_LD=ld
lt_cv_path_NM=nm
lt_cv_path_mainfest_tool=no
lt_cv_prog_compiler_c_o=yes
lt_cv_prog_compiler_pic='-fPIC -DPIC'
lt_cv_prog_compiler_pic_works=yes
lt_cv_prog_compiler_rtti_exceptions=no
lt_cv_prog_compiler_static_works=yes
lt_cv_prog_gnu_ld=yes
lt_cv_sharedlib_from_linklib_cmd='printf %s\n'
lt_cv_shlibpath_overrides_runpath=no
lt_cv_sys_global_symbol_pipe='sed -n -e '\''s/^.*[	 ]\([ABCDGIRSTW][ABCDGIRSTW]*\)[	 ][	 ]*\([_A-Za-z][_A-Za-z0-9]*\)$/\1 \2 \2/p'\'' | sed '\''/ __gnu_lto/d'\'''
lt_cv_sys_global_symbol_to_c_name_address='sed -n -e '\''s/^: \(.*\) .*$/  {"\1", (void *) 0},/p'\'' -e '\''s/^[ABCDGIRSTW][ABCDGIRSTW]* .* \(.*\)$/  {"\1", (void *) \&\1},/p'\'''
lt_cv_sys_global_symbol_to_c_name_address_lib_prefix='sed -n -e '\''s/^: \(.*\) .*$/  {"\1", (void *) 0},/p'\'' -e '\''s/^[ABCDGIRSTW][ABCDGIRSTW]* .* \(lib.*\)$/  {"\1", (void *) \&\1},/p'\'' -e '\''s/^[ABCDGIRSTW][ABCDGIRSTW]* .* \(.*\)$/  {"lib\1", (void *) \&\1},/p'\'''
lt_cv_sys_global_symbol_to_cdecl='sed -n -e '\''s/^T .* \(.*\)$/extern int \1();/p'\'' -e '\''s/^[ABCDGIRSTW][ABCDGIRSTW]* .* \(.*\)$/extern char \1;/p'\'''
lt_cv_sys_global_symbol_to_import=
lt_cv_sys_max_cmd_len=1572864
lt_cv_to_host_file_cmd=func_convert_file_noop
lt_cv_to_tool_file_cmd=func_convert_file_noop
lt_cv_truncate_bin='/bin/dd bs=4096 count=1'

## ----------------- ##
## Output variables. ##
## ----------------- ##

ACLOCAL='${SHELL} /home/user/-f2fs/oe/build.OE-Generic.x86_64-9.0-devel/sqlite-autoconf-3240000/missing aclocal-1.16'
AMDEPBACKSLASH='\'
AMDEP_FALSE='#'
AMDEP_TRUE=''
AMTAR='$${TAR-tar}'
AM_BACKSLASH='\'
AM_DEFAULT_V='$(AM_DEFAULT_VERBOSITY)'
AM_DEFAULT_VERBOSITY='1'
AM_V='$(V)'
AR='ar'
AUTOCONF='${SHELL} /home/user/-f2fs/oe/build.OE-Generic.x86_64-9.0-devel/sqlite-autoconf-3240000/missing autoconf'
AUTOHEADER='${SHELL} /home/user/-f2fs/oe/build.OE-Generic.x86_64-9.0-devel/sqlite-autoconf-3240000/missing autoheader'
AUTOMAKE='${SHELL} /home/user/-f2fs/oe/build.OE-Generic.x86_64-9.0-devel/sqlite-autoconf-3240000/missing automake-1.16'
AWK='gawk'
BUILD_CFLAGS=''
CC='/home/user/-f2fs/oe/build.OE-Generic.x86_64-9.0-devel/toolchain/bin/host-gcc'
CCDEPMODE='depmode=gcc3'
CFLAGS='-O2 -I/home/user/-f2fs/oe/build.OE-Generic.x86_64-9.0-devel/toolchain/include -fdiagnostics-color=always -Wno-format-security -DSQLITE_ENABLE_STAT3 -DSQLITE_ENABLE_COLUMN_METADATA=1 -DSQLITE_TEMP_STORE=3 -DSQLITE_DEFAULT_MMAP_SIZE=268435456'
CPP='cpp'
CPPFLAGS=''
CYGPATH_W='echo'
DEBUG_FLAGS=''
DEFS='-DPACKAGE_NAME=\"sqlite\" -DPACKAGE_TARNAME=\"sqlite\" -DPACKAGE_VERSION=\"3.24.0\" -DPACKAGE_STRING=\"sqlite\ 3.24.0\" -DPACKAGE_BUGREPORT=\"http://www.sqlite.org\" -DPACKAGE_URL=\"\" -DPACKAGE=\"sqlite\" -DVERSION=\"3.24.0\" -DSTDC_HEADERS=1 -DHAVE_SYS_TYPES_H=1 -DHAVE_SYS_STAT_H=1 -DHAVE_STDLIB_H=1 -DHAVE_STRING_H=1 -DHAVE_MEMORY_H=1 -DHAVE_STRINGS_H=1 -DHAVE_INTTYPES_H=1 -DHAVE_STDINT_H=1 -DHAVE_UNISTD_H=1 -DHAVE_DLFCN_H=1 -DLT_OBJDIR=\".libs/\" -DHAVE_FDATASYNC=1 -DHAVE_USLEEP=1 -DHAVE_LOCALTIME_R=1 -DHAVE_GMTIME_R=1 -DHAVE_DECL_STRERROR_R=1 -DHAVE_STRERROR_R=1 -DHAVE_EDITLINE_READLINE_H=1 -DHAVE_EDITLINE=1 -DHAVE_POSIX_FALLOCATE=1 -DHAVE_ZLIB_H=1'
DEPDIR='.deps'
DLLTOOL='false'
DSYMUTIL=''
DUMPBIN=''
DYNAMIC_EXTENSION_FLAGS=''
ECHO_C=''
ECHO_N='-n'
ECHO_T=''
EGREP='/bin/grep -E'
EXEEXT=''
EXTRA_SHELL_OBJ='sqlite3-sqlite3.o'
FGREP='/bin/grep -F'
FTS5_FLAGS='-DSQLITE_ENABLE_FTS5'
GREP='/bin/grep'
INSTALL_DATA='${INSTALL} -m 644'
INSTALL_PROGRAM='${INSTALL}'
INSTALL_SCRIPT='${INSTALL}'
INSTALL_STRIP_PROGRAM='$(install_sh) -c -s'
JSON1_FLAGS='-DSQLITE_ENABLE_JSON1'
LD='ld -m elf_x86_64'
LDFLAGS='-Wl,-rpath,/home/user/-f2fs/oe/build.OE-Generic.x86_64-9.0-devel/toolchain/lib -L/home/user/-f2fs/oe/build.OE-Generic.x86_64-9.0-devel/toolchain/lib'
LIBOBJS=''
LIBS='-lz -lm -ldl -lpthread '
LIBTOOL='$(SHELL) $(top_builddir)/libtool'
LIPO=''
LN_S='ln -s'
LTLIBOBJS=''
LT_SYS_LIBRARY_PATH=''
MAKEINFO='${SHELL} /home/user/-f2fs/oe/build.OE-Generic.x86_64-9.0-devel/sqlite-autoconf-3240000/missing makeinfo'
MANIFEST_TOOL=':'
MKDIR_P='/bin/mkdir -p'
NM='nm'
NMEDIT=''
OBJDUMP='objdump'
OBJEXT='o'
OTOOL64=''
OTOOL=''
PACKAGE='sqlite'
PACKAGE_BUGREPORT='http://www.sqlite.org'
PACKAGE_NAME='sqlite'
PACKAGE_STRING='sqlite 3.24.0'
PACKAGE_TARNAME='sqlite'
PACKAGE_URL=''
PACKAGE_VERSION='3.24.0'
PATH_SEPARATOR=':'
RANLIB='ranlib'
READLINE_LIBS='-ledit  -ltinfo'
SED='/home/user/-f2fs/oe/build.OE-Generic.x86_64-9.0-devel/toolchain/bin/sed'
SESSION_FLAGS=''
SET_MAKE=''
SHELL='/bin/sh'
SHELL_CFLAGS=''
STRIP='strip'
THREADSAFE_FLAGS='-D_REENTRANT=1 -DSQLITE_THREADSAFE=1'
VERSION='3.24.0'
ZLIB_FLAGS='-DSQLITE_HAVE_ZLIB'
ac_ct_AR=''
ac_ct_CC=''
ac_ct_DUMPBIN=''
am__EXEEXT_FALSE=''
am__EXEEXT_TRUE='#'
am__fastdepCC_FALSE='#'
am__fastdepCC_TRUE=''
am__include='include'
am__isrc=' -I$(srcdir)'
am__leading_dot='.'
am__nodep='_no'
am__quote=''
am__tar='$${TAR-tar} chof - "$$tardir"'
am__untar='$${TAR-tar} xf -'
bindir='/home/user/-f2fs/oe/build.OE-Generic.x86_64-9.0-devel/toolchain/bin'
build='x86_64-pc-linux-gnu'
build_alias='x86_64-pc-linux-gnu'
build_cpu='x86_64'
build_os='linux-gnu'
build_vendor='pc'
datadir='${datarootdir}'
datarootdir='${prefix}/share'
docdir='${datarootdir}/doc/${PACKAGE_TARNAME}'
dvidir='${docdir}'
exec_prefix='${prefix}'
host='x86_64-pc-linux-gnu'
host_alias='x86_64-pc-linux-gnu'
host_cpu='x86_64'
host_os='linux-gnu'
host_vendor='pc'
htmldir='${docdir}'
includedir='${prefix}/include'
infodir='${datarootdir}/info'
install_sh='${SHELL} /home/user/-f2fs/oe/build.OE-Generic.x86_64-9.0-devel/sqlite-autoconf-3240000/install-sh'
libdir='${exec_prefix}/lib'
libexecdir='/home/user/-f2fs/oe/build.OE-Generic.x86_64-9.0-devel/toolchain/lib'
localedir='${datarootdir}/locale'
localstatedir='/home/user/-f2fs/oe/build.OE-Generic.x86_64-9.0-devel/toolchain/var'
mandir='${datarootdir}/man'
mkdir_p='$(MKDIR_P)'
oldincludedir='/usr/include'
pdfdir='${docdir}'
prefix='/home/user/-f2fs/oe/build.OE-Generic.x86_64-9.0-devel/toolchain'
program_transform_name='s,x,x,'
psdir='${docdir}'
runstatedir='${localstatedir}/run'
sbindir='/home/user/-f2fs/oe/build.OE-Generic.x86_64-9.0-devel/toolchain/sbin'
sharedstatedir='${prefix}/com'
sysconfdir='/home/user/-f2fs/oe/build.OE-Generic.x86_64-9.0-devel/toolchain/etc'
target_alias=''

## ----------- ##
## confdefs.h. ##
## ----------- ##

/* confdefs.h */
#define PACKAGE_NAME "sqlite"
#define PACKAGE_TARNAME "sqlite"
#define PACKAGE_VERSION "3.24.0"
#define PACKAGE_STRING "sqlite 3.24.0"
#define PACKAGE_BUGREPORT "http://www.sqlite.org"
#define PACKAGE_URL ""
#define PACKAGE "sqlite"
#define VERSION "3.24.0"
#define STDC_HEADERS 1
#define HAVE_SYS_TYPES_H 1
#define HAVE_SYS_STAT_H 1
#define HAVE_STDLIB_H 1
#define HAVE_STRING_H 1
#define HAVE_MEMORY_H 1
#define HAVE_STRINGS_H 1
#define HAVE_INTTYPES_H 1
#define HAVE_STDINT_H 1
#define HAVE_UNISTD_H 1
#define HAVE_DLFCN_H 1
#define LT_OBJDIR ".libs/"
#define HAVE_FDATASYNC 1
#define HAVE_USLEEP 1
#define HAVE_LOCALTIME_R 1
#define HAVE_GMTIME_R 1
#define HAVE_DECL_STRERROR_R 1
#define HAVE_STRERROR_R 1
#define HAVE_EDITLINE_READLINE_H 1
#define HAVE_EDITLINE 1
#define HAVE_POSIX_FALLOCATE 1
#define HAVE_ZLIB_H 1

configure: exit 0
