Determining size of __int16 failed with the following output:
Change Dir: /home/user/-f2fs/oe/build.OE-Generic.x86_64-9.0-devel/lzo-2.10/.x86_64-pc-linux-gnu/CMakeFiles/CMakeTmp

Run Build Command:"/home/user/-f2fs/oe/build.OE-Generic.x86_64-9.0-devel/toolchain/bin/ninja" "cmTC_f2ccf"
[1/2] Building C object CMakeFiles/cmTC_f2ccf.dir/mfx_SIZEOF___INT16.c.o
FAILED: CMakeFiles/cmTC_f2ccf.dir/mfx_SIZEOF___INT16.c.o 
/home/user/-f2fs/oe/build.OE-Generic.x86_64-9.0-devel/toolchain/bin/host-gcc   -O2 -I/home/user/-f2fs/oe/build.OE-Generic.x86_64-9.0-devel/toolchain/include -fdiagnostics-color=always -Wno-format-security -o CMakeFiles/cmTC_f2ccf.dir/mfx_SIZEOF___INT16.c.o   -c /home/user/-f2fs/oe/build.OE-Generic.x86_64-9.0-devel/lzo-2.10/.x86_64-pc-linux-gnu/CMakeFiles/CheckTypeSize/mfx_SIZEOF___INT16.c
/home/user/-f2fs/oe/build.OE-Generic.x86_64-9.0-devel/lzo-2.10/.x86_64-pc-linux-gnu/CMakeFiles/CheckTypeSize/mfx_SIZEOF___INT16.c:23:22: error: '__int16' undeclared here (not in a function); did you mean '__int16_t'?
 #define SIZE (sizeof(__int16))
                      ^~~~~~~
/home/user/-f2fs/oe/build.OE-Generic.x86_64-9.0-devel/lzo-2.10/.x86_64-pc-linux-gnu/CMakeFiles/CheckTypeSize/mfx_SIZEOF___INT16.c:25:12: note: in expansion of macro 'SIZE'
   ('0' + ((SIZE / 10000)%10)),
            ^~~~
ninja: build stopped: subcommand failed.

/home/user/-f2fs/oe/build.OE-Generic.x86_64-9.0-devel/lzo-2.10/.x86_64-pc-linux-gnu/CMakeFiles/CheckTypeSize/mfx_SIZEOF___INT16.c:
#include <sys/types.h>
#include <stdint.h>
#include <stddef.h>


#undef KEY
#if defined(__i386)
# define KEY '_','_','i','3','8','6'
#elif defined(__x86_64)
# define KEY '_','_','x','8','6','_','6','4'
#elif defined(__ppc__)
# define KEY '_','_','p','p','c','_','_'
#elif defined(__ppc64__)
# define KEY '_','_','p','p','c','6','4','_','_'
#elif defined(__aarch64__)
# define KEY '_','_','a','a','r','c','h','6','4','_','_'
#elif defined(__ARM_ARCH_7A__)
# define KEY '_','_','A','R','M','_','A','R','C','H','_','7','A','_','_'
#elif defined(__ARM_ARCH_7S__)
# define KEY '_','_','A','R','M','_','A','R','C','H','_','7','S','_','_'
#endif

#define SIZE (sizeof(__int16))
char info_size[] =  {'I', 'N', 'F', 'O', ':', 's','i','z','e','[',
  ('0' + ((SIZE / 10000)%10)),
  ('0' + ((SIZE / 1000)%10)),
  ('0' + ((SIZE / 100)%10)),
  ('0' + ((SIZE / 10)%10)),
  ('0' +  (SIZE    % 10)),
  ']',
#ifdef KEY
  ' ','k','e','y','[', KEY, ']',
#endif
  '\0'};

#ifdef __CLASSIC_C__
int main(argc, argv) int argc; char *argv[];
#else
int main(int argc, char *argv[])
#endif
{
  int require = 0;
  require += info_size[argc];
  (void)argv;
  return require;
}


Determining size of __int32 failed with the following output:
Change Dir: /home/user/-f2fs/oe/build.OE-Generic.x86_64-9.0-devel/lzo-2.10/.x86_64-pc-linux-gnu/CMakeFiles/CMakeTmp

Run Build Command:"/home/user/-f2fs/oe/build.OE-Generic.x86_64-9.0-devel/toolchain/bin/ninja" "cmTC_e3326"
[1/2] Building C object CMakeFiles/cmTC_e3326.dir/mfx_SIZEOF___INT32.c.o
FAILED: CMakeFiles/cmTC_e3326.dir/mfx_SIZEOF___INT32.c.o 
/home/user/-f2fs/oe/build.OE-Generic.x86_64-9.0-devel/toolchain/bin/host-gcc   -O2 -I/home/user/-f2fs/oe/build.OE-Generic.x86_64-9.0-devel/toolchain/include -fdiagnostics-color=always -Wno-format-security -o CMakeFiles/cmTC_e3326.dir/mfx_SIZEOF___INT32.c.o   -c /home/user/-f2fs/oe/build.OE-Generic.x86_64-9.0-devel/lzo-2.10/.x86_64-pc-linux-gnu/CMakeFiles/CheckTypeSize/mfx_SIZEOF___INT32.c
/home/user/-f2fs/oe/build.OE-Generic.x86_64-9.0-devel/lzo-2.10/.x86_64-pc-linux-gnu/CMakeFiles/CheckTypeSize/mfx_SIZEOF___INT32.c:23:22: error: '__int32' undeclared here (not in a function); did you mean '__int32_t'?
 #define SIZE (sizeof(__int32))
                      ^~~~~~~
/home/user/-f2fs/oe/build.OE-Generic.x86_64-9.0-devel/lzo-2.10/.x86_64-pc-linux-gnu/CMakeFiles/CheckTypeSize/mfx_SIZEOF___INT32.c:25:12: note: in expansion of macro 'SIZE'
   ('0' + ((SIZE / 10000)%10)),
            ^~~~
ninja: build stopped: subcommand failed.

/home/user/-f2fs/oe/build.OE-Generic.x86_64-9.0-devel/lzo-2.10/.x86_64-pc-linux-gnu/CMakeFiles/CheckTypeSize/mfx_SIZEOF___INT32.c:
#include <sys/types.h>
#include <stdint.h>
#include <stddef.h>


#undef KEY
#if defined(__i386)
# define KEY '_','_','i','3','8','6'
#elif defined(__x86_64)
# define KEY '_','_','x','8','6','_','6','4'
#elif defined(__ppc__)
# define KEY '_','_','p','p','c','_','_'
#elif defined(__ppc64__)
# define KEY '_','_','p','p','c','6','4','_','_'
#elif defined(__aarch64__)
# define KEY '_','_','a','a','r','c','h','6','4','_','_'
#elif defined(__ARM_ARCH_7A__)
# define KEY '_','_','A','R','M','_','A','R','C','H','_','7','A','_','_'
#elif defined(__ARM_ARCH_7S__)
# define KEY '_','_','A','R','M','_','A','R','C','H','_','7','S','_','_'
#endif

#define SIZE (sizeof(__int32))
char info_size[] =  {'I', 'N', 'F', 'O', ':', 's','i','z','e','[',
  ('0' + ((SIZE / 10000)%10)),
  ('0' + ((SIZE / 1000)%10)),
  ('0' + ((SIZE / 100)%10)),
  ('0' + ((SIZE / 10)%10)),
  ('0' +  (SIZE    % 10)),
  ']',
#ifdef KEY
  ' ','k','e','y','[', KEY, ']',
#endif
  '\0'};

#ifdef __CLASSIC_C__
int main(argc, argv) int argc; char *argv[];
#else
int main(int argc, char *argv[])
#endif
{
  int require = 0;
  require += info_size[argc];
  (void)argv;
  return require;
}


Determining size of __int64 failed with the following output:
Change Dir: /home/user/-f2fs/oe/build.OE-Generic.x86_64-9.0-devel/lzo-2.10/.x86_64-pc-linux-gnu/CMakeFiles/CMakeTmp

Run Build Command:"/home/user/-f2fs/oe/build.OE-Generic.x86_64-9.0-devel/toolchain/bin/ninja" "cmTC_8b79b"
[1/2] Building C object CMakeFiles/cmTC_8b79b.dir/mfx_SIZEOF___INT64.c.o
FAILED: CMakeFiles/cmTC_8b79b.dir/mfx_SIZEOF___INT64.c.o 
/home/user/-f2fs/oe/build.OE-Generic.x86_64-9.0-devel/toolchain/bin/host-gcc   -O2 -I/home/user/-f2fs/oe/build.OE-Generic.x86_64-9.0-devel/toolchain/include -fdiagnostics-color=always -Wno-format-security -o CMakeFiles/cmTC_8b79b.dir/mfx_SIZEOF___INT64.c.o   -c /home/user/-f2fs/oe/build.OE-Generic.x86_64-9.0-devel/lzo-2.10/.x86_64-pc-linux-gnu/CMakeFiles/CheckTypeSize/mfx_SIZEOF___INT64.c
/home/user/-f2fs/oe/build.OE-Generic.x86_64-9.0-devel/lzo-2.10/.x86_64-pc-linux-gnu/CMakeFiles/CheckTypeSize/mfx_SIZEOF___INT64.c:23:22: error: '__int64' undeclared here (not in a function); did you mean '__int64_t'?
 #define SIZE (sizeof(__int64))
                      ^~~~~~~
/home/user/-f2fs/oe/build.OE-Generic.x86_64-9.0-devel/lzo-2.10/.x86_64-pc-linux-gnu/CMakeFiles/CheckTypeSize/mfx_SIZEOF___INT64.c:25:12: note: in expansion of macro 'SIZE'
   ('0' + ((SIZE / 10000)%10)),
            ^~~~
ninja: build stopped: subcommand failed.

/home/user/-f2fs/oe/build.OE-Generic.x86_64-9.0-devel/lzo-2.10/.x86_64-pc-linux-gnu/CMakeFiles/CheckTypeSize/mfx_SIZEOF___INT64.c:
#include <sys/types.h>
#include <stdint.h>
#include <stddef.h>


#undef KEY
#if defined(__i386)
# define KEY '_','_','i','3','8','6'
#elif defined(__x86_64)
# define KEY '_','_','x','8','6','_','6','4'
#elif defined(__ppc__)
# define KEY '_','_','p','p','c','_','_'
#elif defined(__ppc64__)
# define KEY '_','_','p','p','c','6','4','_','_'
#elif defined(__aarch64__)
# define KEY '_','_','a','a','r','c','h','6','4','_','_'
#elif defined(__ARM_ARCH_7A__)
# define KEY '_','_','A','R','M','_','A','R','C','H','_','7','A','_','_'
#elif defined(__ARM_ARCH_7S__)
# define KEY '_','_','A','R','M','_','A','R','C','H','_','7','S','_','_'
#endif

#define SIZE (sizeof(__int64))
char info_size[] =  {'I', 'N', 'F', 'O', ':', 's','i','z','e','[',
  ('0' + ((SIZE / 10000)%10)),
  ('0' + ((SIZE / 1000)%10)),
  ('0' + ((SIZE / 100)%10)),
  ('0' + ((SIZE / 10)%10)),
  ('0' +  (SIZE    % 10)),
  ']',
#ifdef KEY
  ' ','k','e','y','[', KEY, ']',
#endif
  '\0'};

#ifdef __CLASSIC_C__
int main(argc, argv) int argc; char *argv[];
#else
int main(int argc, char *argv[])
#endif
{
  int require = 0;
  require += info_size[argc];
  (void)argv;
  return require;
}


Determining size of fpos_t failed with the following output:
Change Dir: /home/user/-f2fs/oe/build.OE-Generic.x86_64-9.0-devel/lzo-2.10/.x86_64-pc-linux-gnu/CMakeFiles/CMakeTmp

Run Build Command:"/home/user/-f2fs/oe/build.OE-Generic.x86_64-9.0-devel/toolchain/bin/ninja" "cmTC_f79c8"
[1/2] Building C object CMakeFiles/cmTC_f79c8.dir/mfx_SIZEOF_FPOS_T.c.o
FAILED: CMakeFiles/cmTC_f79c8.dir/mfx_SIZEOF_FPOS_T.c.o 
/home/user/-f2fs/oe/build.OE-Generic.x86_64-9.0-devel/toolchain/bin/host-gcc   -O2 -I/home/user/-f2fs/oe/build.OE-Generic.x86_64-9.0-devel/toolchain/include -fdiagnostics-color=always -Wno-format-security -o CMakeFiles/cmTC_f79c8.dir/mfx_SIZEOF_FPOS_T.c.o   -c /home/user/-f2fs/oe/build.OE-Generic.x86_64-9.0-devel/lzo-2.10/.x86_64-pc-linux-gnu/CMakeFiles/CheckTypeSize/mfx_SIZEOF_FPOS_T.c
/home/user/-f2fs/oe/build.OE-Generic.x86_64-9.0-devel/lzo-2.10/.x86_64-pc-linux-gnu/CMakeFiles/CheckTypeSize/mfx_SIZEOF_FPOS_T.c:23:22: error: 'fpos_t' undeclared here (not in a function)
 #define SIZE (sizeof(fpos_t))
                      ^~~~~~
/home/user/-f2fs/oe/build.OE-Generic.x86_64-9.0-devel/lzo-2.10/.x86_64-pc-linux-gnu/CMakeFiles/CheckTypeSize/mfx_SIZEOF_FPOS_T.c:25:12: note: in expansion of macro 'SIZE'
   ('0' + ((SIZE / 10000)%10)),
            ^~~~
/home/user/-f2fs/oe/build.OE-Generic.x86_64-9.0-devel/lzo-2.10/.x86_64-pc-linux-gnu/CMakeFiles/CheckTypeSize/mfx_SIZEOF_FPOS_T.c:23:22: note: 'fpos_t' is defined in header '<stdio.h>'; did you forget to '#include <stdio.h>'?
/home/user/-f2fs/oe/build.OE-Generic.x86_64-9.0-devel/lzo-2.10/.x86_64-pc-linux-gnu/CMakeFiles/CheckTypeSize/mfx_SIZEOF_FPOS_T.c:4:1:
+#include <stdio.h>
 
/home/user/-f2fs/oe/build.OE-Generic.x86_64-9.0-devel/lzo-2.10/.x86_64-pc-linux-gnu/CMakeFiles/CheckTypeSize/mfx_SIZEOF_FPOS_T.c:23:22:
 #define SIZE (sizeof(fpos_t))
                      ^~~~~~
/home/user/-f2fs/oe/build.OE-Generic.x86_64-9.0-devel/lzo-2.10/.x86_64-pc-linux-gnu/CMakeFiles/CheckTypeSize/mfx_SIZEOF_FPOS_T.c:25:12: note: in expansion of macro 'SIZE'
   ('0' + ((SIZE / 10000)%10)),
            ^~~~
ninja: build stopped: subcommand failed.

/home/user/-f2fs/oe/build.OE-Generic.x86_64-9.0-devel/lzo-2.10/.x86_64-pc-linux-gnu/CMakeFiles/CheckTypeSize/mfx_SIZEOF_FPOS_T.c:
#include <sys/types.h>
#include <stdint.h>
#include <stddef.h>


#undef KEY
#if defined(__i386)
# define KEY '_','_','i','3','8','6'
#elif defined(__x86_64)
# define KEY '_','_','x','8','6','_','6','4'
#elif defined(__ppc__)
# define KEY '_','_','p','p','c','_','_'
#elif defined(__ppc64__)
# define KEY '_','_','p','p','c','6','4','_','_'
#elif defined(__aarch64__)
# define KEY '_','_','a','a','r','c','h','6','4','_','_'
#elif defined(__ARM_ARCH_7A__)
# define KEY '_','_','A','R','M','_','A','R','C','H','_','7','A','_','_'
#elif defined(__ARM_ARCH_7S__)
# define KEY '_','_','A','R','M','_','A','R','C','H','_','7','S','_','_'
#endif

#define SIZE (sizeof(fpos_t))
char info_size[] =  {'I', 'N', 'F', 'O', ':', 's','i','z','e','[',
  ('0' + ((SIZE / 10000)%10)),
  ('0' + ((SIZE / 1000)%10)),
  ('0' + ((SIZE / 100)%10)),
  ('0' + ((SIZE / 10)%10)),
  ('0' +  (SIZE    % 10)),
  ']',
#ifdef KEY
  ' ','k','e','y','[', KEY, ']',
#endif
  '\0'};

#ifdef __CLASSIC_C__
int main(argc, argv) int argc; char *argv[];
#else
int main(int argc, char *argv[])
#endif
{
  int require = 0;
  require += info_size[argc];
  (void)argv;
  return require;
}


Determining if the function alloca exists failed with the following output:
Change Dir: /home/user/-f2fs/oe/build.OE-Generic.x86_64-9.0-devel/lzo-2.10/.x86_64-pc-linux-gnu/CMakeFiles/CMakeTmp

Run Build Command:"/home/user/-f2fs/oe/build.OE-Generic.x86_64-9.0-devel/toolchain/bin/ninja" "cmTC_ffde7"
[1/2] Building C object CMakeFiles/cmTC_ffde7.dir/CheckFunctionExists.c.o
<command-line>: warning: conflicting types for built-in function 'alloca' [-Wbuiltin-declaration-mismatch]
/home/user/-f2fs/oe/build.OE-Generic.x86_64-9.0-devel/toolchain/share/cmake-3.12/Modules/CheckFunctionExists.c:7:3: note: in expansion of macro 'CHECK_FUNCTION_EXISTS'
   CHECK_FUNCTION_EXISTS(void);
   ^~~~~~~~~~~~~~~~~~~~~
[2/2] Linking C executable cmTC_ffde7
FAILED: cmTC_ffde7 
: && /home/user/-f2fs/oe/build.OE-Generic.x86_64-9.0-devel/toolchain/bin/host-gcc -O2 -I/home/user/-f2fs/oe/build.OE-Generic.x86_64-9.0-devel/toolchain/include -fdiagnostics-color=always -Wno-format-security -DCHECK_FUNCTION_EXISTS=alloca  -Wl,-rpath,/home/user/-f2fs/oe/build.OE-Generic.x86_64-9.0-devel/toolchain/lib -L/home/user/-f2fs/oe/build.OE-Generic.x86_64-9.0-devel/toolchain/lib   -rdynamic CMakeFiles/cmTC_ffde7.dir/CheckFunctionExists.c.o  -o cmTC_ffde7   && :
/bin/ld: CMakeFiles/cmTC_ffde7.dir/CheckFunctionExists.c.o: in function `main':
CheckFunctionExists.c:(.text.startup+0x20): undefined reference to `alloca'
collect2: error: ld returned 1 exit status
ninja: build stopped: subcommand failed.


Determining if the function stricmp exists failed with the following output:
Change Dir: /home/user/-f2fs/oe/build.OE-Generic.x86_64-9.0-devel/lzo-2.10/.x86_64-pc-linux-gnu/CMakeFiles/CMakeTmp

Run Build Command:"/home/user/-f2fs/oe/build.OE-Generic.x86_64-9.0-devel/toolchain/bin/ninja" "cmTC_d029a"
[1/2] Building C object CMakeFiles/cmTC_d029a.dir/CheckFunctionExists.c.o
[2/2] Linking C executable cmTC_d029a
FAILED: cmTC_d029a 
: && /home/user/-f2fs/oe/build.OE-Generic.x86_64-9.0-devel/toolchain/bin/host-gcc -O2 -I/home/user/-f2fs/oe/build.OE-Generic.x86_64-9.0-devel/toolchain/include -fdiagnostics-color=always -Wno-format-security -DCHECK_FUNCTION_EXISTS=stricmp  -Wl,-rpath,/home/user/-f2fs/oe/build.OE-Generic.x86_64-9.0-devel/toolchain/lib -L/home/user/-f2fs/oe/build.OE-Generic.x86_64-9.0-devel/toolchain/lib   -rdynamic CMakeFiles/cmTC_d029a.dir/CheckFunctionExists.c.o  -o cmTC_d029a   && :
/bin/ld: CMakeFiles/cmTC_d029a.dir/CheckFunctionExists.c.o: in function `main':
CheckFunctionExists.c:(.text.startup+0xc): undefined reference to `stricmp'
collect2: error: ld returned 1 exit status
ninja: build stopped: subcommand failed.


Determining if the function strnicmp exists failed with the following output:
Change Dir: /home/user/-f2fs/oe/build.OE-Generic.x86_64-9.0-devel/lzo-2.10/.x86_64-pc-linux-gnu/CMakeFiles/CMakeTmp

Run Build Command:"/home/user/-f2fs/oe/build.OE-Generic.x86_64-9.0-devel/toolchain/bin/ninja" "cmTC_58a83"
[1/2] Building C object CMakeFiles/cmTC_58a83.dir/CheckFunctionExists.c.o
[2/2] Linking C executable cmTC_58a83
FAILED: cmTC_58a83 
: && /home/user/-f2fs/oe/build.OE-Generic.x86_64-9.0-devel/toolchain/bin/host-gcc -O2 -I/home/user/-f2fs/oe/build.OE-Generic.x86_64-9.0-devel/toolchain/include -fdiagnostics-color=always -Wno-format-security -DCHECK_FUNCTION_EXISTS=strnicmp  -Wl,-rpath,/home/user/-f2fs/oe/build.OE-Generic.x86_64-9.0-devel/toolchain/lib -L/home/user/-f2fs/oe/build.OE-Generic.x86_64-9.0-devel/toolchain/lib   -rdynamic CMakeFiles/cmTC_58a83.dir/CheckFunctionExists.c.o  -o cmTC_58a83   && :
/bin/ld: CMakeFiles/cmTC_58a83.dir/CheckFunctionExists.c.o: in function `main':
CheckFunctionExists.c:(.text.startup+0xc): undefined reference to `strnicmp'
collect2: error: ld returned 1 exit status
ninja: build stopped: subcommand failed.


