This file contains any messages produced by compilers while
running configure, to aid debugging if configure makes a mistake.

It was created by sqlite configure 3.23.1, which was
generated by GNU Autoconf 2.69.  Invocation command line was

  $ /home/user/-f2fs/oe/build.OE-Generic.x86_64-9.0-devel/sqlite-autoconf-3230100/configure --host=x86_64-linux-gnu --build=x86_64-linux-gnu --prefix=/home/user/-f2fs/oe/build.OE-Generic.x86_64-9.0-devel/toolchain --bindir=/home/user/-f2fs/oe/build.OE-Generic.x86_64-9.0-devel/toolchain/bin --sbindir=/home/user/-f2fs/oe/build.OE-Generic.x86_64-9.0-devel/toolchain/sbin --sysconfdir=/home/user/-f2fs/oe/build.OE-Generic.x86_64-9.0-devel/toolchain/etc --libexecdir=/home/user/-f2fs/oe/build.OE-Generic.x86_64-9.0-devel/toolchain/lib --localstatedir=/home/user/-f2fs/oe/build.OE-Generic.x86_64-9.0-devel/toolchain/var --disable-static --enable-shared --enable-threadsafe --enable-dynamic-extensions

## --------- ##
## Platform. ##
## --------- ##

hostname = vmware
uname -m = x86_64
uname -r = 4.16.0-1-amd64
uname -s = Linux
uname -v = #1 SMP Debian 4.16.5-1 (2018-04-29)

/usr/bin/uname -p = unknown
/bin/uname -X     = unknown

/bin/arch              = unknown
/usr/bin/arch -k       = unknown
/usr/convex/getsysinfo = unknown
/usr/bin/hostinfo      = unknown
/bin/machine           = unknown
/usr/bin/oslevel       = unknown
/bin/universe          = unknown

PATH: /home/user/-f2fs/oe/build.OE-Generic.x86_64-9.0-devel/toolchain/bin
PATH: /home/user/-f2fs/oe/build.OE-Generic.x86_64-9.0-devel/toolchain/sbin
PATH: /home/user/go/bin
PATH: /home/user/.bin
PATH: /home/user/.go/bin
PATH: /bin
PATH: /sbin
PATH: /opt
PATH: /usr/local/bin
PATH: /usr/bin
PATH: /bin
PATH: /usr/local/games
PATH: /usr/games
PATH: /home/user/fzf/bin


## ----------- ##
## Core tests. ##
## ----------- ##

configure:2337: checking for a BSD-compatible install
configure:2405: result: /usr/bin/install -c
configure:2416: checking whether build environment is sane
configure:2471: result: yes
configure:2622: checking for a thread-safe mkdir -p
configure:2661: result: /bin/mkdir -p
configure:2668: checking for gawk
configure:2695: result: gawk
configure:2706: checking whether make sets $(MAKE)
configure:2728: result: yes
configure:2757: checking whether make supports nested variables
configure:2774: result: yes
configure:2913: checking for style of include used by make
configure:2941: result: GNU
configure:2972: checking for x86_64-linux-gnu-gcc
configure:2999: result: /home/user/-f2fs/oe/build.OE-Generic.x86_64-9.0-devel/toolchain/bin/host-gcc
configure:3268: checking for C compiler version
configure:3277: /home/user/-f2fs/oe/build.OE-Generic.x86_64-9.0-devel/toolchain/bin/host-gcc --version >&5
gcc (Debian 7.3.0-17) 7.3.0
Copyright (C) 2017 Free Software Foundation, Inc.
This is free software; see the source for copying conditions.  There is NO
warranty; not even for MERCHANTABILITY or FITNESS FOR A PARTICULAR PURPOSE.

configure:3288: $? = 0
configure:3277: /home/user/-f2fs/oe/build.OE-Generic.x86_64-9.0-devel/toolchain/bin/host-gcc -v >&5
Using built-in specs.
COLLECT_GCC=/usr/bin/gcc
COLLECT_LTO_WRAPPER=/usr/lib/gcc/x86_64-linux-gnu/7/lto-wrapper
OFFLOAD_TARGET_NAMES=nvptx-none
OFFLOAD_TARGET_DEFAULT=1
Target: x86_64-linux-gnu
Configured with: ../src/configure -v --with-pkgversion='Debian 7.3.0-17' --with-bugurl=file:///usr/share/doc/gcc-7/README.Bugs --enable-languages=c,ada,c++,go,brig,d,fortran,objc,obj-c++ --prefix=/usr --with-gcc-major-version-only --with-as=/usr/bin/x86_64-linux-gnu-as --with-ld=/usr/bin/x86_64-linux-gnu-ld --program-suffix=-7 --program-prefix=x86_64-linux-gnu- --enable-shared --enable-linker-build-id --libexecdir=/usr/lib --without-included-gettext --enable-threads=posix --libdir=/usr/lib --enable-nls --with-sysroot=/ --enable-clocale=gnu --enable-libstdcxx-debug --enable-libstdcxx-time=yes --with-default-libstdcxx-abi=new --enable-gnu-unique-object --disable-vtable-verify --enable-libmpx --enable-plugin --enable-default-pie --with-system-zlib --with-target-system-zlib --enable-objc-gc=auto --enable-multiarch --disable-werror --with-arch-32=i686 --with-abi=m64 --with-multilib-list=m32,m64,mx32 --enable-multilib --with-tune=generic --enable-offload-targets=nvptx-none --without-cuda-driver --enable-checking=release --build=x86_64-linux-gnu --host=x86_64-linux-gnu --target=x86_64-linux-gnu
Thread model: posix
gcc version 7.3.0 (Debian 7.3.0-17) 
configure:3288: $? = 0
configure:3277: /home/user/-f2fs/oe/build.OE-Generic.x86_64-9.0-devel/toolchain/bin/host-gcc -V >&5
gcc: error: unrecognized command line option '-V'
gcc: fatal error: no input files
compilation terminated.
configure:3288: $? = 1
configure:3277: /home/user/-f2fs/oe/build.OE-Generic.x86_64-9.0-devel/toolchain/bin/host-gcc -qversion >&5
gcc: error: unrecognized command line option '-qversion'; did you mean '--version'?
gcc: fatal error: no input files
compilation terminated.
configure:3288: $? = 1
configure:3308: checking whether the C compiler works
configure:3330: /home/user/-f2fs/oe/build.OE-Generic.x86_64-9.0-devel/toolchain/bin/host-gcc -march=westmere -mtune=haswell -O2 -pipe -I/home/user/-f2fs/oe/build.OE-Generic.x86_64-9.0-devel/toolchain/include -Wno-format-security -DSQLITE_ENABLE_STAT3 -DSQLITE_ENABLE_COLUMN_METADATA=1 -DSQLITE_TEMP_STORE=3 -DSQLITE_DEFAULT_MMAP_SIZE=268435456  -Wl,-rpath,/home/user/-f2fs/oe/build.OE-Generic.x86_64-9.0-devel/toolchain/lib -L/home/user/-f2fs/oe/build.OE-Generic.x86_64-9.0-devel/toolchain/lib -s conftest.c  >&5
configure:3334: $? = 0
configure:3382: result: yes
configure:3385: checking for C compiler default output file name
configure:3387: result: a.out
configure:3393: checking for suffix of executables
configure:3400: /home/user/-f2fs/oe/build.OE-Generic.x86_64-9.0-devel/toolchain/bin/host-gcc -o conftest -march=westmere -mtune=haswell -O2 -pipe -I/home/user/-f2fs/oe/build.OE-Generic.x86_64-9.0-devel/toolchain/include -Wno-format-security -DSQLITE_ENABLE_STAT3 -DSQLITE_ENABLE_COLUMN_METADATA=1 -DSQLITE_TEMP_STORE=3 -DSQLITE_DEFAULT_MMAP_SIZE=268435456  -Wl,-rpath,/home/user/-f2fs/oe/build.OE-Generic.x86_64-9.0-devel/toolchain/lib -L/home/user/-f2fs/oe/build.OE-Generic.x86_64-9.0-devel/toolchain/lib -s conftest.c  >&5
configure:3404: $? = 0
configure:3426: result: 
configure:3448: checking whether we are cross compiling
configure:3456: /home/user/-f2fs/oe/build.OE-Generic.x86_64-9.0-devel/toolchain/bin/host-gcc -o conftest -march=westmere -mtune=haswell -O2 -pipe -I/home/user/-f2fs/oe/build.OE-Generic.x86_64-9.0-devel/toolchain/include -Wno-format-security -DSQLITE_ENABLE_STAT3 -DSQLITE_ENABLE_COLUMN_METADATA=1 -DSQLITE_TEMP_STORE=3 -DSQLITE_DEFAULT_MMAP_SIZE=268435456  -Wl,-rpath,/home/user/-f2fs/oe/build.OE-Generic.x86_64-9.0-devel/toolchain/lib -L/home/user/-f2fs/oe/build.OE-Generic.x86_64-9.0-devel/toolchain/lib -s conftest.c  >&5
configure:3460: $? = 0
configure:3467: ./conftest
configure:3471: $? = 0
configure:3486: result: no
configure:3491: checking for suffix of object files
configure:3513: /home/user/-f2fs/oe/build.OE-Generic.x86_64-9.0-devel/toolchain/bin/host-gcc -c -march=westmere -mtune=haswell -O2 -pipe -I/home/user/-f2fs/oe/build.OE-Generic.x86_64-9.0-devel/toolchain/include -Wno-format-security -DSQLITE_ENABLE_STAT3 -DSQLITE_ENABLE_COLUMN_METADATA=1 -DSQLITE_TEMP_STORE=3 -DSQLITE_DEFAULT_MMAP_SIZE=268435456  conftest.c >&5
configure:3517: $? = 0
configure:3538: result: o
configure:3542: checking whether we are using the GNU C compiler
configure:3561: /home/user/-f2fs/oe/build.OE-Generic.x86_64-9.0-devel/toolchain/bin/host-gcc -c -march=westmere -mtune=haswell -O2 -pipe -I/home/user/-f2fs/oe/build.OE-Generic.x86_64-9.0-devel/toolchain/include -Wno-format-security -DSQLITE_ENABLE_STAT3 -DSQLITE_ENABLE_COLUMN_METADATA=1 -DSQLITE_TEMP_STORE=3 -DSQLITE_DEFAULT_MMAP_SIZE=268435456  conftest.c >&5
configure:3561: $? = 0
configure:3570: result: yes
configure:3579: checking whether /home/user/-f2fs/oe/build.OE-Generic.x86_64-9.0-devel/toolchain/bin/host-gcc accepts -g
configure:3599: /home/user/-f2fs/oe/build.OE-Generic.x86_64-9.0-devel/toolchain/bin/host-gcc -c -g  conftest.c >&5
configure:3599: $? = 0
configure:3640: result: yes
configure:3657: checking for /home/user/-f2fs/oe/build.OE-Generic.x86_64-9.0-devel/toolchain/bin/host-gcc option to accept ISO C89
configure:3720: /home/user/-f2fs/oe/build.OE-Generic.x86_64-9.0-devel/toolchain/bin/host-gcc  -c -march=westmere -mtune=haswell -O2 -pipe -I/home/user/-f2fs/oe/build.OE-Generic.x86_64-9.0-devel/toolchain/include -Wno-format-security -DSQLITE_ENABLE_STAT3 -DSQLITE_ENABLE_COLUMN_METADATA=1 -DSQLITE_TEMP_STORE=3 -DSQLITE_DEFAULT_MMAP_SIZE=268435456  conftest.c >&5
configure:3720: $? = 0
configure:3733: result: none needed
configure:3758: checking whether /home/user/-f2fs/oe/build.OE-Generic.x86_64-9.0-devel/toolchain/bin/host-gcc understands -c and -o together
configure:3780: /home/user/-f2fs/oe/build.OE-Generic.x86_64-9.0-devel/toolchain/bin/host-gcc -c conftest.c -o conftest2.o
configure:3783: $? = 0
configure:3780: /home/user/-f2fs/oe/build.OE-Generic.x86_64-9.0-devel/toolchain/bin/host-gcc -c conftest.c -o conftest2.o
configure:3783: $? = 0
configure:3795: result: yes
configure:3814: checking dependency style of /home/user/-f2fs/oe/build.OE-Generic.x86_64-9.0-devel/toolchain/bin/host-gcc
configure:3925: result: gcc3
configure:3948: checking for special C compiler options needed for large files
configure:3993: result: no
configure:3999: checking for _FILE_OFFSET_BITS value needed for large files
configure:4024: /home/user/-f2fs/oe/build.OE-Generic.x86_64-9.0-devel/toolchain/bin/host-gcc -c -march=westmere -mtune=haswell -O2 -pipe -I/home/user/-f2fs/oe/build.OE-Generic.x86_64-9.0-devel/toolchain/include -Wno-format-security -DSQLITE_ENABLE_STAT3 -DSQLITE_ENABLE_COLUMN_METADATA=1 -DSQLITE_TEMP_STORE=3 -DSQLITE_DEFAULT_MMAP_SIZE=268435456  conftest.c >&5
configure:4024: $? = 0
configure:4056: result: no
configure:4151: checking for x86_64-linux-gnu-gcc
configure:4178: result: /home/user/-f2fs/oe/build.OE-Generic.x86_64-9.0-devel/toolchain/bin/host-gcc
configure:4447: checking for C compiler version
configure:4456: /home/user/-f2fs/oe/build.OE-Generic.x86_64-9.0-devel/toolchain/bin/host-gcc --version >&5
gcc (Debian 7.3.0-17) 7.3.0
Copyright (C) 2017 Free Software Foundation, Inc.
This is free software; see the source for copying conditions.  There is NO
warranty; not even for MERCHANTABILITY or FITNESS FOR A PARTICULAR PURPOSE.

configure:4467: $? = 0
configure:4456: /home/user/-f2fs/oe/build.OE-Generic.x86_64-9.0-devel/toolchain/bin/host-gcc -v >&5
Using built-in specs.
COLLECT_GCC=/usr/bin/gcc
COLLECT_LTO_WRAPPER=/usr/lib/gcc/x86_64-linux-gnu/7/lto-wrapper
OFFLOAD_TARGET_NAMES=nvptx-none
OFFLOAD_TARGET_DEFAULT=1
Target: x86_64-linux-gnu
Configured with: ../src/configure -v --with-pkgversion='Debian 7.3.0-17' --with-bugurl=file:///usr/share/doc/gcc-7/README.Bugs --enable-languages=c,ada,c++,go,brig,d,fortran,objc,obj-c++ --prefix=/usr --with-gcc-major-version-only --with-as=/usr/bin/x86_64-linux-gnu-as --with-ld=/usr/bin/x86_64-linux-gnu-ld --program-suffix=-7 --program-prefix=x86_64-linux-gnu- --enable-shared --enable-linker-build-id --libexecdir=/usr/lib --without-included-gettext --enable-threads=posix --libdir=/usr/lib --enable-nls --with-sysroot=/ --enable-clocale=gnu --enable-libstdcxx-debug --enable-libstdcxx-time=yes --with-default-libstdcxx-abi=new --enable-gnu-unique-object --disable-vtable-verify --enable-libmpx --enable-plugin --enable-default-pie --with-system-zlib --with-target-system-zlib --enable-objc-gc=auto --enable-multiarch --disable-werror --with-arch-32=i686 --with-abi=m64 --with-multilib-list=m32,m64,mx32 --enable-multilib --with-tune=generic --enable-offload-targets=nvptx-none --without-cuda-driver --enable-checking=release --build=x86_64-linux-gnu --host=x86_64-linux-gnu --target=x86_64-linux-gnu
Thread model: posix
gcc version 7.3.0 (Debian 7.3.0-17) 
configure:4467: $? = 0
configure:4456: /home/user/-f2fs/oe/build.OE-Generic.x86_64-9.0-devel/toolchain/bin/host-gcc -V >&5
gcc: error: unrecognized command line option '-V'
gcc: fatal error: no input files
compilation terminated.
configure:4467: $? = 1
configure:4456: /home/user/-f2fs/oe/build.OE-Generic.x86_64-9.0-devel/toolchain/bin/host-gcc -qversion >&5
gcc: error: unrecognized command line option '-qversion'; did you mean '--version'?
gcc: fatal error: no input files
compilation terminated.
configure:4467: $? = 1
configure:4471: checking whether we are using the GNU C compiler
configure:4499: result: yes
configure:4508: checking whether /home/user/-f2fs/oe/build.OE-Generic.x86_64-9.0-devel/toolchain/bin/host-gcc accepts -g
configure:4569: result: yes
configure:4586: checking for /home/user/-f2fs/oe/build.OE-Generic.x86_64-9.0-devel/toolchain/bin/host-gcc option to accept ISO C89
configure:4662: result: none needed
configure:4687: checking whether /home/user/-f2fs/oe/build.OE-Generic.x86_64-9.0-devel/toolchain/bin/host-gcc understands -c and -o together
configure:4724: result: yes
configure:4743: checking dependency style of /home/user/-f2fs/oe/build.OE-Generic.x86_64-9.0-devel/toolchain/bin/host-gcc
configure:4854: result: gcc3
configure:4898: checking build system type
configure:4912: result: x86_64-pc-linux-gnu
configure:4932: checking host system type
configure:4945: result: x86_64-pc-linux-gnu
configure:4986: checking how to print strings
configure:5013: result: printf
configure:5034: checking for a sed that does not truncate output
configure:5098: result: /bin/sed
configure:5116: checking for grep that handles long lines and -e
configure:5174: result: /bin/grep
configure:5179: checking for egrep
configure:5241: result: /bin/grep -E
configure:5246: checking for fgrep
configure:5308: result: /bin/grep -F
configure:5343: checking for ld used by /home/user/-f2fs/oe/build.OE-Generic.x86_64-9.0-devel/toolchain/bin/host-gcc
configure:5410: result: ld
configure:5417: checking if the linker (ld) is GNU ld
configure:5432: result: yes
configure:5444: checking for BSD- or MS-compatible name lister (nm)
configure:5498: result: nm
configure:5628: checking the name lister (nm) interface
configure:5635: /home/user/-f2fs/oe/build.OE-Generic.x86_64-9.0-devel/toolchain/bin/host-gcc -c -march=westmere -mtune=haswell -O2 -pipe -I/home/user/-f2fs/oe/build.OE-Generic.x86_64-9.0-devel/toolchain/include -Wno-format-security -DSQLITE_ENABLE_STAT3 -DSQLITE_ENABLE_COLUMN_METADATA=1 -DSQLITE_TEMP_STORE=3 -DSQLITE_DEFAULT_MMAP_SIZE=268435456  conftest.c >&5
configure:5638: nm "conftest.o"
configure:5641: output
0000000000000000 B some_variable
configure:5648: result: BSD nm
configure:5651: checking whether ln -s works
configure:5655: result: yes
configure:5663: checking the maximum length of command line arguments
configure:5794: result: 1572864
configure:5842: checking how to convert x86_64-pc-linux-gnu file names to x86_64-pc-linux-gnu format
configure:5882: result: func_convert_file_noop
configure:5889: checking how to convert x86_64-pc-linux-gnu file names to toolchain format
configure:5909: result: func_convert_file_noop
configure:5916: checking for ld option to reload object files
configure:5923: result: -r
configure:5957: checking for x86_64-linux-gnu-objdump
configure:5984: result: objdump
configure:6056: checking how to recognize dependent libraries
configure:6256: result: pass_all
configure:6301: checking for x86_64-linux-gnu-dlltool
configure:6331: result: no
configure:6341: checking for dlltool
configure:6371: result: no
configure:6401: checking how to associate runtime and link libraries
configure:6428: result: printf %s\n
configure:6444: checking for x86_64-linux-gnu-ar
configure:6471: result: ar
configure:6552: checking for archiver @FILE support
configure:6569: /home/user/-f2fs/oe/build.OE-Generic.x86_64-9.0-devel/toolchain/bin/host-gcc -c -march=westmere -mtune=haswell -O2 -pipe -I/home/user/-f2fs/oe/build.OE-Generic.x86_64-9.0-devel/toolchain/include -Wno-format-security -DSQLITE_ENABLE_STAT3 -DSQLITE_ENABLE_COLUMN_METADATA=1 -DSQLITE_TEMP_STORE=3 -DSQLITE_DEFAULT_MMAP_SIZE=268435456  conftest.c >&5
configure:6569: $? = 0
configure:6572: ar cru libconftest.a @conftest.lst >&5
ar: `u' modifier ignored since `D' is the default (see `U')
configure:6575: $? = 0
configure:6580: ar cru libconftest.a @conftest.lst >&5
ar: `u' modifier ignored since `D' is the default (see `U')
ar: conftest.o: No such file or directory
configure:6583: $? = 1
configure:6595: result: @
configure:6613: checking for x86_64-linux-gnu-strip
configure:6640: result: strip
configure:6712: checking for x86_64-linux-gnu-ranlib
configure:6739: result: ranlib
configure:6881: checking command to parse nm output from /home/user/-f2fs/oe/build.OE-Generic.x86_64-9.0-devel/toolchain/bin/host-gcc object
configure:7034: /home/user/-f2fs/oe/build.OE-Generic.x86_64-9.0-devel/toolchain/bin/host-gcc -c -march=westmere -mtune=haswell -O2 -pipe -I/home/user/-f2fs/oe/build.OE-Generic.x86_64-9.0-devel/toolchain/include -Wno-format-security -DSQLITE_ENABLE_STAT3 -DSQLITE_ENABLE_COLUMN_METADATA=1 -DSQLITE_TEMP_STORE=3 -DSQLITE_DEFAULT_MMAP_SIZE=268435456  conftest.c >&5
configure:7037: $? = 0
configure:7041: nm conftest.o \| sed -n -e 's/^.*[ ]\([ABCDGIRSTW][ABCDGIRSTW]*\)[ ][ ]*\([_A-Za-z][_A-Za-z0-9]*\)$/\1 \2 \2/p' | sed '/ __gnu_lto/d' \> conftest.nm
configure:7044: $? = 0
configure:7110: /home/user/-f2fs/oe/build.OE-Generic.x86_64-9.0-devel/toolchain/bin/host-gcc -o conftest -march=westmere -mtune=haswell -O2 -pipe -I/home/user/-f2fs/oe/build.OE-Generic.x86_64-9.0-devel/toolchain/include -Wno-format-security -DSQLITE_ENABLE_STAT3 -DSQLITE_ENABLE_COLUMN_METADATA=1 -DSQLITE_TEMP_STORE=3 -DSQLITE_DEFAULT_MMAP_SIZE=268435456  -Wl,-rpath,/home/user/-f2fs/oe/build.OE-Generic.x86_64-9.0-devel/toolchain/lib -L/home/user/-f2fs/oe/build.OE-Generic.x86_64-9.0-devel/toolchain/lib -s conftest.c conftstm.o >&5
configure:7113: $? = 0
configure:7151: result: ok
configure:7198: checking for sysroot
configure:7228: result: no
configure:7235: checking for a working dd
configure:7273: result: /bin/dd
configure:7277: checking how to truncate binary pipes
configure:7292: result: /bin/dd bs=4096 count=1
configure:7428: /home/user/-f2fs/oe/build.OE-Generic.x86_64-9.0-devel/toolchain/bin/host-gcc -c -march=westmere -mtune=haswell -O2 -pipe -I/home/user/-f2fs/oe/build.OE-Generic.x86_64-9.0-devel/toolchain/include -Wno-format-security -DSQLITE_ENABLE_STAT3 -DSQLITE_ENABLE_COLUMN_METADATA=1 -DSQLITE_TEMP_STORE=3 -DSQLITE_DEFAULT_MMAP_SIZE=268435456  conftest.c >&5
configure:7431: $? = 0
configure:7581: checking for x86_64-linux-gnu-mt
configure:7611: result: no
configure:7621: checking for mt
configure:7637: found /bin/mt
configure:7648: result: mt
configure:7671: checking if mt is a manifest tool
configure:7677: mt '-?'
configure:7685: result: no
configure:8362: checking how to run the C preprocessor
configure:8432: result: cpp
configure:8452: cpp  conftest.c
configure:8452: $? = 0
configure:8466: cpp  conftest.c
conftest.c:11:10: fatal error: ac_nonexistent.h: No such file or directory
 #include <ac_nonexistent.h>
          ^~~~~~~~~~~~~~~~~~
compilation terminated.
configure:8466: $? = 1
configure: failed program was:
| /* confdefs.h */
| #define PACKAGE_NAME "sqlite"
| #define PACKAGE_TARNAME "sqlite"
| #define PACKAGE_VERSION "3.23.1"
| #define PACKAGE_STRING "sqlite 3.23.1"
| #define PACKAGE_BUGREPORT "http://www.sqlite.org"
| #define PACKAGE_URL ""
| #define PACKAGE "sqlite"
| #define VERSION "3.23.1"
| /* end confdefs.h.  */
| #include <ac_nonexistent.h>
configure:8495: checking for ANSI C header files
configure:8515: /home/user/-f2fs/oe/build.OE-Generic.x86_64-9.0-devel/toolchain/bin/host-gcc -c -march=westmere -mtune=haswell -O2 -pipe -I/home/user/-f2fs/oe/build.OE-Generic.x86_64-9.0-devel/toolchain/include -Wno-format-security -DSQLITE_ENABLE_STAT3 -DSQLITE_ENABLE_COLUMN_METADATA=1 -DSQLITE_TEMP_STORE=3 -DSQLITE_DEFAULT_MMAP_SIZE=268435456  conftest.c >&5
configure:8515: $? = 0
configure:8588: /home/user/-f2fs/oe/build.OE-Generic.x86_64-9.0-devel/toolchain/bin/host-gcc -o conftest -march=westmere -mtune=haswell -O2 -pipe -I/home/user/-f2fs/oe/build.OE-Generic.x86_64-9.0-devel/toolchain/include -Wno-format-security -DSQLITE_ENABLE_STAT3 -DSQLITE_ENABLE_COLUMN_METADATA=1 -DSQLITE_TEMP_STORE=3 -DSQLITE_DEFAULT_MMAP_SIZE=268435456  -Wl,-rpath,/home/user/-f2fs/oe/build.OE-Generic.x86_64-9.0-devel/toolchain/lib -L/home/user/-f2fs/oe/build.OE-Generic.x86_64-9.0-devel/toolchain/lib -s conftest.c  >&5
configure:8588: $? = 0
configure:8588: ./conftest
configure:8588: $? = 0
configure:8599: result: yes
configure:8612: checking for sys/types.h
configure:8612: /home/user/-f2fs/oe/build.OE-Generic.x86_64-9.0-devel/toolchain/bin/host-gcc -c -march=westmere -mtune=haswell -O2 -pipe -I/home/user/-f2fs/oe/build.OE-Generic.x86_64-9.0-devel/toolchain/include -Wno-format-security -DSQLITE_ENABLE_STAT3 -DSQLITE_ENABLE_COLUMN_METADATA=1 -DSQLITE_TEMP_STORE=3 -DSQLITE_DEFAULT_MMAP_SIZE=268435456  conftest.c >&5
configure:8612: $? = 0
configure:8612: result: yes
configure:8612: checking for sys/stat.h
configure:8612: /home/user/-f2fs/oe/build.OE-Generic.x86_64-9.0-devel/toolchain/bin/host-gcc -c -march=westmere -mtune=haswell -O2 -pipe -I/home/user/-f2fs/oe/build.OE-Generic.x86_64-9.0-devel/toolchain/include -Wno-format-security -DSQLITE_ENABLE_STAT3 -DSQLITE_ENABLE_COLUMN_METADATA=1 -DSQLITE_TEMP_STORE=3 -DSQLITE_DEFAULT_MMAP_SIZE=268435456  conftest.c >&5
configure:8612: $? = 0
configure:8612: result: yes
configure:8612: checking for stdlib.h
configure:8612: /home/user/-f2fs/oe/build.OE-Generic.x86_64-9.0-devel/toolchain/bin/host-gcc -c -march=westmere -mtune=haswell -O2 -pipe -I/home/user/-f2fs/oe/build.OE-Generic.x86_64-9.0-devel/toolchain/include -Wno-format-security -DSQLITE_ENABLE_STAT3 -DSQLITE_ENABLE_COLUMN_METADATA=1 -DSQLITE_TEMP_STORE=3 -DSQLITE_DEFAULT_MMAP_SIZE=268435456  conftest.c >&5
configure:8612: $? = 0
configure:8612: result: yes
configure:8612: checking for string.h
configure:8612: /home/user/-f2fs/oe/build.OE-Generic.x86_64-9.0-devel/toolchain/bin/host-gcc -c -march=westmere -mtune=haswell -O2 -pipe -I/home/user/-f2fs/oe/build.OE-Generic.x86_64-9.0-devel/toolchain/include -Wno-format-security -DSQLITE_ENABLE_STAT3 -DSQLITE_ENABLE_COLUMN_METADATA=1 -DSQLITE_TEMP_STORE=3 -DSQLITE_DEFAULT_MMAP_SIZE=268435456  conftest.c >&5
configure:8612: $? = 0
configure:8612: result: yes
configure:8612: checking for memory.h
configure:8612: /home/user/-f2fs/oe/build.OE-Generic.x86_64-9.0-devel/toolchain/bin/host-gcc -c -march=westmere -mtune=haswell -O2 -pipe -I/home/user/-f2fs/oe/build.OE-Generic.x86_64-9.0-devel/toolchain/include -Wno-format-security -DSQLITE_ENABLE_STAT3 -DSQLITE_ENABLE_COLUMN_METADATA=1 -DSQLITE_TEMP_STORE=3 -DSQLITE_DEFAULT_MMAP_SIZE=268435456  conftest.c >&5
configure:8612: $? = 0
configure:8612: result: yes
configure:8612: checking for strings.h
configure:8612: /home/user/-f2fs/oe/build.OE-Generic.x86_64-9.0-devel/toolchain/bin/host-gcc -c -march=westmere -mtune=haswell -O2 -pipe -I/home/user/-f2fs/oe/build.OE-Generic.x86_64-9.0-devel/toolchain/include -Wno-format-security -DSQLITE_ENABLE_STAT3 -DSQLITE_ENABLE_COLUMN_METADATA=1 -DSQLITE_TEMP_STORE=3 -DSQLITE_DEFAULT_MMAP_SIZE=268435456  conftest.c >&5
configure:8612: $? = 0
configure:8612: result: yes
configure:8612: checking for inttypes.h
configure:8612: /home/user/-f2fs/oe/build.OE-Generic.x86_64-9.0-devel/toolchain/bin/host-gcc -c -march=westmere -mtune=haswell -O2 -pipe -I/home/user/-f2fs/oe/build.OE-Generic.x86_64-9.0-devel/toolchain/include -Wno-format-security -DSQLITE_ENABLE_STAT3 -DSQLITE_ENABLE_COLUMN_METADATA=1 -DSQLITE_TEMP_STORE=3 -DSQLITE_DEFAULT_MMAP_SIZE=268435456  conftest.c >&5
configure:8612: $? = 0
configure:8612: result: yes
configure:8612: checking for stdint.h
configure:8612: /home/user/-f2fs/oe/build.OE-Generic.x86_64-9.0-devel/toolchain/bin/host-gcc -c -march=westmere -mtune=haswell -O2 -pipe -I/home/user/-f2fs/oe/build.OE-Generic.x86_64-9.0-devel/toolchain/include -Wno-format-security -DSQLITE_ENABLE_STAT3 -DSQLITE_ENABLE_COLUMN_METADATA=1 -DSQLITE_TEMP_STORE=3 -DSQLITE_DEFAULT_MMAP_SIZE=268435456  conftest.c >&5
configure:8612: $? = 0
configure:8612: result: yes
configure:8612: checking for unistd.h
configure:8612: /home/user/-f2fs/oe/build.OE-Generic.x86_64-9.0-devel/toolchain/bin/host-gcc -c -march=westmere -mtune=haswell -O2 -pipe -I/home/user/-f2fs/oe/build.OE-Generic.x86_64-9.0-devel/toolchain/include -Wno-format-security -DSQLITE_ENABLE_STAT3 -DSQLITE_ENABLE_COLUMN_METADATA=1 -DSQLITE_TEMP_STORE=3 -DSQLITE_DEFAULT_MMAP_SIZE=268435456  conftest.c >&5
configure:8612: $? = 0
configure:8612: result: yes
configure:8626: checking for dlfcn.h
configure:8626: /home/user/-f2fs/oe/build.OE-Generic.x86_64-9.0-devel/toolchain/bin/host-gcc -c -march=westmere -mtune=haswell -O2 -pipe -I/home/user/-f2fs/oe/build.OE-Generic.x86_64-9.0-devel/toolchain/include -Wno-format-security -DSQLITE_ENABLE_STAT3 -DSQLITE_ENABLE_COLUMN_METADATA=1 -DSQLITE_TEMP_STORE=3 -DSQLITE_DEFAULT_MMAP_SIZE=268435456  conftest.c >&5
configure:8626: $? = 0
configure:8626: result: yes
configure:8882: checking for objdir
configure:8897: result: .libs
configure:9157: checking if /home/user/-f2fs/oe/build.OE-Generic.x86_64-9.0-devel/toolchain/bin/host-gcc supports -fno-rtti -fno-exceptions
configure:9175: /home/user/-f2fs/oe/build.OE-Generic.x86_64-9.0-devel/toolchain/bin/host-gcc -c -march=westmere -mtune=haswell -O2 -pipe -I/home/user/-f2fs/oe/build.OE-Generic.x86_64-9.0-devel/toolchain/include -Wno-format-security -DSQLITE_ENABLE_STAT3 -DSQLITE_ENABLE_COLUMN_METADATA=1 -DSQLITE_TEMP_STORE=3 -DSQLITE_DEFAULT_MMAP_SIZE=268435456  -fno-rtti -fno-exceptions conftest.c >&5
cc1: warning: command line option '-fno-rtti' is valid for C++/ObjC++ but not for C
configure:9179: $? = 0
configure:9192: result: no
configure:9550: checking for /home/user/-f2fs/oe/build.OE-Generic.x86_64-9.0-devel/toolchain/bin/host-gcc option to produce PIC
configure:9557: result: -fPIC -DPIC
configure:9565: checking if /home/user/-f2fs/oe/build.OE-Generic.x86_64-9.0-devel/toolchain/bin/host-gcc PIC flag -fPIC -DPIC works
configure:9583: /home/user/-f2fs/oe/build.OE-Generic.x86_64-9.0-devel/toolchain/bin/host-gcc -c -march=westmere -mtune=haswell -O2 -pipe -I/home/user/-f2fs/oe/build.OE-Generic.x86_64-9.0-devel/toolchain/include -Wno-format-security -DSQLITE_ENABLE_STAT3 -DSQLITE_ENABLE_COLUMN_METADATA=1 -DSQLITE_TEMP_STORE=3 -DSQLITE_DEFAULT_MMAP_SIZE=268435456  -fPIC -DPIC -DPIC conftest.c >&5
configure:9587: $? = 0
configure:9600: result: yes
configure:9629: checking if /home/user/-f2fs/oe/build.OE-Generic.x86_64-9.0-devel/toolchain/bin/host-gcc static flag -static works
configure:9657: result: yes
configure:9672: checking if /home/user/-f2fs/oe/build.OE-Generic.x86_64-9.0-devel/toolchain/bin/host-gcc supports -c -o file.o
configure:9693: /home/user/-f2fs/oe/build.OE-Generic.x86_64-9.0-devel/toolchain/bin/host-gcc -c -march=westmere -mtune=haswell -O2 -pipe -I/home/user/-f2fs/oe/build.OE-Generic.x86_64-9.0-devel/toolchain/include -Wno-format-security -DSQLITE_ENABLE_STAT3 -DSQLITE_ENABLE_COLUMN_METADATA=1 -DSQLITE_TEMP_STORE=3 -DSQLITE_DEFAULT_MMAP_SIZE=268435456  -o out/conftest2.o conftest.c >&5
configure:9697: $? = 0
configure:9719: result: yes
configure:9727: checking if /home/user/-f2fs/oe/build.OE-Generic.x86_64-9.0-devel/toolchain/bin/host-gcc supports -c -o file.o
configure:9774: result: yes
configure:9807: checking whether the /home/user/-f2fs/oe/build.OE-Generic.x86_64-9.0-devel/toolchain/bin/host-gcc linker (ld -m elf_x86_64) supports shared libraries
configure:11066: result: yes
configure:11103: checking whether -lc should be explicitly linked in
configure:11111: /home/user/-f2fs/oe/build.OE-Generic.x86_64-9.0-devel/toolchain/bin/host-gcc -c -march=westmere -mtune=haswell -O2 -pipe -I/home/user/-f2fs/oe/build.OE-Generic.x86_64-9.0-devel/toolchain/include -Wno-format-security -DSQLITE_ENABLE_STAT3 -DSQLITE_ENABLE_COLUMN_METADATA=1 -DSQLITE_TEMP_STORE=3 -DSQLITE_DEFAULT_MMAP_SIZE=268435456  conftest.c >&5
configure:11114: $? = 0
configure:11129: /home/user/-f2fs/oe/build.OE-Generic.x86_64-9.0-devel/toolchain/bin/host-gcc -shared  -fPIC -DPIC conftest.o  -v -Wl,-soname -Wl,conftest -o conftest 2\>\&1 \| /bin/grep  -lc  \>/dev/null 2\>\&1
configure:11132: $? = 0
configure:11146: result: no
configure:11306: checking dynamic linker characteristics
configure:11887: /home/user/-f2fs/oe/build.OE-Generic.x86_64-9.0-devel/toolchain/bin/host-gcc -o conftest -march=westmere -mtune=haswell -O2 -pipe -I/home/user/-f2fs/oe/build.OE-Generic.x86_64-9.0-devel/toolchain/include -Wno-format-security -DSQLITE_ENABLE_STAT3 -DSQLITE_ENABLE_COLUMN_METADATA=1 -DSQLITE_TEMP_STORE=3 -DSQLITE_DEFAULT_MMAP_SIZE=268435456  -Wl,-rpath,/home/user/-f2fs/oe/build.OE-Generic.x86_64-9.0-devel/toolchain/lib -L/home/user/-f2fs/oe/build.OE-Generic.x86_64-9.0-devel/toolchain/lib -s -Wl,-rpath -Wl,/foo conftest.c  >&5
configure:11887: $? = 0
configure:12124: result: GNU/Linux ld.so
configure:12246: checking how to hardcode library paths into programs
configure:12271: result: immediate
configure:12819: checking whether stripping libraries is possible
configure:12824: result: yes
configure:12859: checking if libtool supports shared libraries
configure:12861: result: yes
configure:12864: checking whether to build shared libraries
configure:12889: result: yes
configure:12892: checking whether to build static libraries
configure:12896: result: no
configure:12939: checking for fdatasync
configure:12939: /home/user/-f2fs/oe/build.OE-Generic.x86_64-9.0-devel/toolchain/bin/host-gcc -o conftest -march=westmere -mtune=haswell -O2 -pipe -I/home/user/-f2fs/oe/build.OE-Generic.x86_64-9.0-devel/toolchain/include -Wno-format-security -DSQLITE_ENABLE_STAT3 -DSQLITE_ENABLE_COLUMN_METADATA=1 -DSQLITE_TEMP_STORE=3 -DSQLITE_DEFAULT_MMAP_SIZE=268435456  -Wl,-rpath,/home/user/-f2fs/oe/build.OE-Generic.x86_64-9.0-devel/toolchain/lib -L/home/user/-f2fs/oe/build.OE-Generic.x86_64-9.0-devel/toolchain/lib -s conftest.c  >&5
configure:12939: $? = 0
configure:12939: result: yes
configure:12939: checking for usleep
configure:12939: /home/user/-f2fs/oe/build.OE-Generic.x86_64-9.0-devel/toolchain/bin/host-gcc -o conftest -march=westmere -mtune=haswell -O2 -pipe -I/home/user/-f2fs/oe/build.OE-Generic.x86_64-9.0-devel/toolchain/include -Wno-format-security -DSQLITE_ENABLE_STAT3 -DSQLITE_ENABLE_COLUMN_METADATA=1 -DSQLITE_TEMP_STORE=3 -DSQLITE_DEFAULT_MMAP_SIZE=268435456  -Wl,-rpath,/home/user/-f2fs/oe/build.OE-Generic.x86_64-9.0-devel/toolchain/lib -L/home/user/-f2fs/oe/build.OE-Generic.x86_64-9.0-devel/toolchain/lib -s conftest.c  >&5
configure:12939: $? = 0
configure:12939: result: yes
configure:12939: checking for fullfsync
configure:12939: /home/user/-f2fs/oe/build.OE-Generic.x86_64-9.0-devel/toolchain/bin/host-gcc -o conftest -march=westmere -mtune=haswell -O2 -pipe -I/home/user/-f2fs/oe/build.OE-Generic.x86_64-9.0-devel/toolchain/include -Wno-format-security -DSQLITE_ENABLE_STAT3 -DSQLITE_ENABLE_COLUMN_METADATA=1 -DSQLITE_TEMP_STORE=3 -DSQLITE_DEFAULT_MMAP_SIZE=268435456  -Wl,-rpath,/home/user/-f2fs/oe/build.OE-Generic.x86_64-9.0-devel/toolchain/lib -L/home/user/-f2fs/oe/build.OE-Generic.x86_64-9.0-devel/toolchain/lib -s conftest.c  >&5
/tmp/ccrdxJHC.o: In function `main':
conftest.c:(.text.startup+0x7): undefined reference to `fullfsync'
collect2: error: ld returned 1 exit status
configure:12939: $? = 1
configure: failed program was:
| /* confdefs.h */
| #define PACKAGE_NAME "sqlite"
| #define PACKAGE_TARNAME "sqlite"
| #define PACKAGE_VERSION "3.23.1"
| #define PACKAGE_STRING "sqlite 3.23.1"
| #define PACKAGE_BUGREPORT "http://www.sqlite.org"
| #define PACKAGE_URL ""
| #define PACKAGE "sqlite"
| #define VERSION "3.23.1"
| #define STDC_HEADERS 1
| #define HAVE_SYS_TYPES_H 1
| #define HAVE_SYS_STAT_H 1
| #define HAVE_STDLIB_H 1
| #define HAVE_STRING_H 1
| #define HAVE_MEMORY_H 1
| #define HAVE_STRINGS_H 1
| #define HAVE_INTTYPES_H 1
| #define HAVE_STDINT_H 1
| #define HAVE_UNISTD_H 1
| #define HAVE_DLFCN_H 1
| #define LT_OBJDIR ".libs/"
| #define HAVE_FDATASYNC 1
| #define HAVE_USLEEP 1
| /* end confdefs.h.  */
| /* Define fullfsync to an innocuous variant, in case <limits.h> declares fullfsync.
|    For example, HP-UX 11i <limits.h> declares gettimeofday.  */
| #define fullfsync innocuous_fullfsync
| 
| /* System header to define __stub macros and hopefully few prototypes,
|     which can conflict with char fullfsync (); below.
|     Prefer <limits.h> to <assert.h> if __STDC__ is defined, since
|     <limits.h> exists even on freestanding compilers.  */
| 
| #ifdef __STDC__
| # include <limits.h>
| #else
| # include <assert.h>
| #endif
| 
| #undef fullfsync
| 
| /* Override any GCC internal prototype to avoid an error.
|    Use char because int might match the return type of a GCC
|    builtin and then its argument prototype would still apply.  */
| #ifdef __cplusplus
| extern "C"
| #endif
| char fullfsync ();
| /* The GNU C library defines this for functions which it implements
|     to always fail with ENOSYS.  Some functions are actually named
|     something starting with __ and the normal name is an alias.  */
| #if defined __stub_fullfsync || defined __stub___fullfsync
| choke me
| #endif
| 
| int
| main ()
| {
| return fullfsync ();
|   ;
|   return 0;
| }
configure:12939: result: no
configure:12939: checking for localtime_r
configure:12939: /home/user/-f2fs/oe/build.OE-Generic.x86_64-9.0-devel/toolchain/bin/host-gcc -o conftest -march=westmere -mtune=haswell -O2 -pipe -I/home/user/-f2fs/oe/build.OE-Generic.x86_64-9.0-devel/toolchain/include -Wno-format-security -DSQLITE_ENABLE_STAT3 -DSQLITE_ENABLE_COLUMN_METADATA=1 -DSQLITE_TEMP_STORE=3 -DSQLITE_DEFAULT_MMAP_SIZE=268435456  -Wl,-rpath,/home/user/-f2fs/oe/build.OE-Generic.x86_64-9.0-devel/toolchain/lib -L/home/user/-f2fs/oe/build.OE-Generic.x86_64-9.0-devel/toolchain/lib -s conftest.c  >&5
configure:12939: $? = 0
configure:12939: result: yes
configure:12939: checking for gmtime_r
configure:12939: /home/user/-f2fs/oe/build.OE-Generic.x86_64-9.0-devel/toolchain/bin/host-gcc -o conftest -march=westmere -mtune=haswell -O2 -pipe -I/home/user/-f2fs/oe/build.OE-Generic.x86_64-9.0-devel/toolchain/include -Wno-format-security -DSQLITE_ENABLE_STAT3 -DSQLITE_ENABLE_COLUMN_METADATA=1 -DSQLITE_TEMP_STORE=3 -DSQLITE_DEFAULT_MMAP_SIZE=268435456  -Wl,-rpath,/home/user/-f2fs/oe/build.OE-Generic.x86_64-9.0-devel/toolchain/lib -L/home/user/-f2fs/oe/build.OE-Generic.x86_64-9.0-devel/toolchain/lib -s conftest.c  >&5
configure:12939: $? = 0
configure:12939: result: yes
configure:12948: checking whether strerror_r is declared
configure:12948: /home/user/-f2fs/oe/build.OE-Generic.x86_64-9.0-devel/toolchain/bin/host-gcc -c -march=westmere -mtune=haswell -O2 -pipe -I/home/user/-f2fs/oe/build.OE-Generic.x86_64-9.0-devel/toolchain/include -Wno-format-security -DSQLITE_ENABLE_STAT3 -DSQLITE_ENABLE_COLUMN_METADATA=1 -DSQLITE_TEMP_STORE=3 -DSQLITE_DEFAULT_MMAP_SIZE=268435456  conftest.c >&5
configure:12948: $? = 0
configure:12948: result: yes
configure:12961: checking for strerror_r
configure:12961: /home/user/-f2fs/oe/build.OE-Generic.x86_64-9.0-devel/toolchain/bin/host-gcc -o conftest -march=westmere -mtune=haswell -O2 -pipe -I/home/user/-f2fs/oe/build.OE-Generic.x86_64-9.0-devel/toolchain/include -Wno-format-security -DSQLITE_ENABLE_STAT3 -DSQLITE_ENABLE_COLUMN_METADATA=1 -DSQLITE_TEMP_STORE=3 -DSQLITE_DEFAULT_MMAP_SIZE=268435456  -Wl,-rpath,/home/user/-f2fs/oe/build.OE-Generic.x86_64-9.0-devel/toolchain/lib -L/home/user/-f2fs/oe/build.OE-Generic.x86_64-9.0-devel/toolchain/lib -s conftest.c  >&5
configure:12961: $? = 0
configure:12961: result: yes
configure:12970: checking whether strerror_r returns char *
configure:12994: /home/user/-f2fs/oe/build.OE-Generic.x86_64-9.0-devel/toolchain/bin/host-gcc -c -march=westmere -mtune=haswell -O2 -pipe -I/home/user/-f2fs/oe/build.OE-Generic.x86_64-9.0-devel/toolchain/include -Wno-format-security -DSQLITE_ENABLE_STAT3 -DSQLITE_ENABLE_COLUMN_METADATA=1 -DSQLITE_TEMP_STORE=3 -DSQLITE_DEFAULT_MMAP_SIZE=268435456  conftest.c >&5
conftest.c: In function 'main':
conftest.c:67:13: error: invalid type argument of unary '*' (have 'int')
    char x = *strerror_r (0, buf, sizeof buf);
             ^~~~~~~~~~~~~~~~~~~~~~~~~~~~~~~~
conftest.c:68:14: warning: initialization makes pointer from integer without a cast [-Wint-conversion]
    char *p = strerror_r (0, buf, sizeof buf);
              ^~~~~~~~~~
configure:12994: $? = 1
configure: failed program was:
| /* confdefs.h */
| #define PACKAGE_NAME "sqlite"
| #define PACKAGE_TARNAME "sqlite"
| #define PACKAGE_VERSION "3.23.1"
| #define PACKAGE_STRING "sqlite 3.23.1"
| #define PACKAGE_BUGREPORT "http://www.sqlite.org"
| #define PACKAGE_URL ""
| #define PACKAGE "sqlite"
| #define VERSION "3.23.1"
| #define STDC_HEADERS 1
| #define HAVE_SYS_TYPES_H 1
| #define HAVE_SYS_STAT_H 1
| #define HAVE_STDLIB_H 1
| #define HAVE_STRING_H 1
| #define HAVE_MEMORY_H 1
| #define HAVE_STRINGS_H 1
| #define HAVE_INTTYPES_H 1
| #define HAVE_STDINT_H 1
| #define HAVE_UNISTD_H 1
| #define HAVE_DLFCN_H 1
| #define LT_OBJDIR ".libs/"
| #define HAVE_FDATASYNC 1
| #define HAVE_USLEEP 1
| #define HAVE_LOCALTIME_R 1
| #define HAVE_GMTIME_R 1
| #define HAVE_DECL_STRERROR_R 1
| #define HAVE_STRERROR_R 1
| /* end confdefs.h.  */
| #include <stdio.h>
| #ifdef HAVE_SYS_TYPES_H
| # include <sys/types.h>
| #endif
| #ifdef HAVE_SYS_STAT_H
| # include <sys/stat.h>
| #endif
| #ifdef STDC_HEADERS
| # include <stdlib.h>
| # include <stddef.h>
| #else
| # ifdef HAVE_STDLIB_H
| #  include <stdlib.h>
| # endif
| #endif
| #ifdef HAVE_STRING_H
| # if !defined STDC_HEADERS && defined HAVE_MEMORY_H
| #  include <memory.h>
| # endif
| # include <string.h>
| #endif
| #ifdef HAVE_STRINGS_H
| # include <strings.h>
| #endif
| #ifdef HAVE_INTTYPES_H
| # include <inttypes.h>
| #endif
| #ifdef HAVE_STDINT_H
| # include <stdint.h>
| #endif
| #ifdef HAVE_UNISTD_H
| # include <unistd.h>
| #endif
| int
| main ()
| {
| 
| 	  char buf[100];
| 	  char x = *strerror_r (0, buf, sizeof buf);
| 	  char *p = strerror_r (0, buf, sizeof buf);
| 	  return !p || x;
| 
|   ;
|   return 0;
| }
configure:13032: result: no
configure:13076: checking editline/readline.h usability
configure:13076: /home/user/-f2fs/oe/build.OE-Generic.x86_64-9.0-devel/toolchain/bin/host-gcc -c -march=westmere -mtune=haswell -O2 -pipe -I/home/user/-f2fs/oe/build.OE-Generic.x86_64-9.0-devel/toolchain/include -Wno-format-security -DSQLITE_ENABLE_STAT3 -DSQLITE_ENABLE_COLUMN_METADATA=1 -DSQLITE_TEMP_STORE=3 -DSQLITE_DEFAULT_MMAP_SIZE=268435456  conftest.c >&5
conftest.c:62:10: fatal error: editline/readline.h: No such file or directory
 #include <editline/readline.h>
          ^~~~~~~~~~~~~~~~~~~~~
compilation terminated.
configure:13076: $? = 1
configure: failed program was:
| /* confdefs.h */
| #define PACKAGE_NAME "sqlite"
| #define PACKAGE_TARNAME "sqlite"
| #define PACKAGE_VERSION "3.23.1"
| #define PACKAGE_STRING "sqlite 3.23.1"
| #define PACKAGE_BUGREPORT "http://www.sqlite.org"
| #define PACKAGE_URL ""
| #define PACKAGE "sqlite"
| #define VERSION "3.23.1"
| #define STDC_HEADERS 1
| #define HAVE_SYS_TYPES_H 1
| #define HAVE_SYS_STAT_H 1
| #define HAVE_STDLIB_H 1
| #define HAVE_STRING_H 1
| #define HAVE_MEMORY_H 1
| #define HAVE_STRINGS_H 1
| #define HAVE_INTTYPES_H 1
| #define HAVE_STDINT_H 1
| #define HAVE_UNISTD_H 1
| #define HAVE_DLFCN_H 1
| #define LT_OBJDIR ".libs/"
| #define HAVE_FDATASYNC 1
| #define HAVE_USLEEP 1
| #define HAVE_LOCALTIME_R 1
| #define HAVE_GMTIME_R 1
| #define HAVE_DECL_STRERROR_R 1
| #define HAVE_STRERROR_R 1
| /* end confdefs.h.  */
| #include <stdio.h>
| #ifdef HAVE_SYS_TYPES_H
| # include <sys/types.h>
| #endif
| #ifdef HAVE_SYS_STAT_H
| # include <sys/stat.h>
| #endif
| #ifdef STDC_HEADERS
| # include <stdlib.h>
| # include <stddef.h>
| #else
| # ifdef HAVE_STDLIB_H
| #  include <stdlib.h>
| # endif
| #endif
| #ifdef HAVE_STRING_H
| # if !defined STDC_HEADERS && defined HAVE_MEMORY_H
| #  include <memory.h>
| # endif
| # include <string.h>
| #endif
| #ifdef HAVE_STRINGS_H
| # include <strings.h>
| #endif
| #ifdef HAVE_INTTYPES_H
| # include <inttypes.h>
| #endif
| #ifdef HAVE_STDINT_H
| # include <stdint.h>
| #endif
| #ifdef HAVE_UNISTD_H
| # include <unistd.h>
| #endif
| #include <editline/readline.h>
configure:13076: result: no
configure:13076: checking editline/readline.h presence
configure:13076: cpp  conftest.c
conftest.c:29:10: fatal error: editline/readline.h: No such file or directory
 #include <editline/readline.h>
          ^~~~~~~~~~~~~~~~~~~~~
compilation terminated.
configure:13076: $? = 1
configure: failed program was:
| /* confdefs.h */
| #define PACKAGE_NAME "sqlite"
| #define PACKAGE_TARNAME "sqlite"
| #define PACKAGE_VERSION "3.23.1"
| #define PACKAGE_STRING "sqlite 3.23.1"
| #define PACKAGE_BUGREPORT "http://www.sqlite.org"
| #define PACKAGE_URL ""
| #define PACKAGE "sqlite"
| #define VERSION "3.23.1"
| #define STDC_HEADERS 1
| #define HAVE_SYS_TYPES_H 1
| #define HAVE_SYS_STAT_H 1
| #define HAVE_STDLIB_H 1
| #define HAVE_STRING_H 1
| #define HAVE_MEMORY_H 1
| #define HAVE_STRINGS_H 1
| #define HAVE_INTTYPES_H 1
| #define HAVE_STDINT_H 1
| #define HAVE_UNISTD_H 1
| #define HAVE_DLFCN_H 1
| #define LT_OBJDIR ".libs/"
| #define HAVE_FDATASYNC 1
| #define HAVE_USLEEP 1
| #define HAVE_LOCALTIME_R 1
| #define HAVE_GMTIME_R 1
| #define HAVE_DECL_STRERROR_R 1
| #define HAVE_STRERROR_R 1
| /* end confdefs.h.  */
| #include <editline/readline.h>
configure:13076: result: no
configure:13076: checking for editline/readline.h
configure:13076: result: no
configure:13160: checking readline/readline.h usability
configure:13160: /home/user/-f2fs/oe/build.OE-Generic.x86_64-9.0-devel/toolchain/bin/host-gcc -c -march=westmere -mtune=haswell -O2 -pipe -I/home/user/-f2fs/oe/build.OE-Generic.x86_64-9.0-devel/toolchain/include -Wno-format-security -DSQLITE_ENABLE_STAT3 -DSQLITE_ENABLE_COLUMN_METADATA=1 -DSQLITE_TEMP_STORE=3 -DSQLITE_DEFAULT_MMAP_SIZE=268435456  conftest.c >&5
conftest.c:62:10: fatal error: readline/readline.h: No such file or directory
 #include <readline/readline.h>
          ^~~~~~~~~~~~~~~~~~~~~
compilation terminated.
configure:13160: $? = 1
configure: failed program was:
| /* confdefs.h */
| #define PACKAGE_NAME "sqlite"
| #define PACKAGE_TARNAME "sqlite"
| #define PACKAGE_VERSION "3.23.1"
| #define PACKAGE_STRING "sqlite 3.23.1"
| #define PACKAGE_BUGREPORT "http://www.sqlite.org"
| #define PACKAGE_URL ""
| #define PACKAGE "sqlite"
| #define VERSION "3.23.1"
| #define STDC_HEADERS 1
| #define HAVE_SYS_TYPES_H 1
| #define HAVE_SYS_STAT_H 1
| #define HAVE_STDLIB_H 1
| #define HAVE_STRING_H 1
| #define HAVE_MEMORY_H 1
| #define HAVE_STRINGS_H 1
| #define HAVE_INTTYPES_H 1
| #define HAVE_STDINT_H 1
| #define HAVE_UNISTD_H 1
| #define HAVE_DLFCN_H 1
| #define LT_OBJDIR ".libs/"
| #define HAVE_FDATASYNC 1
| #define HAVE_USLEEP 1
| #define HAVE_LOCALTIME_R 1
| #define HAVE_GMTIME_R 1
| #define HAVE_DECL_STRERROR_R 1
| #define HAVE_STRERROR_R 1
| /* end confdefs.h.  */
| #include <stdio.h>
| #ifdef HAVE_SYS_TYPES_H
| # include <sys/types.h>
| #endif
| #ifdef HAVE_SYS_STAT_H
| # include <sys/stat.h>
| #endif
| #ifdef STDC_HEADERS
| # include <stdlib.h>
| # include <stddef.h>
| #else
| # ifdef HAVE_STDLIB_H
| #  include <stdlib.h>
| # endif
| #endif
| #ifdef HAVE_STRING_H
| # if !defined STDC_HEADERS && defined HAVE_MEMORY_H
| #  include <memory.h>
| # endif
| # include <string.h>
| #endif
| #ifdef HAVE_STRINGS_H
| # include <strings.h>
| #endif
| #ifdef HAVE_INTTYPES_H
| # include <inttypes.h>
| #endif
| #ifdef HAVE_STDINT_H
| # include <stdint.h>
| #endif
| #ifdef HAVE_UNISTD_H
| # include <unistd.h>
| #endif
| #include <readline/readline.h>
configure:13160: result: no
configure:13160: checking readline/readline.h presence
configure:13160: cpp  conftest.c
conftest.c:29:10: fatal error: readline/readline.h: No such file or directory
 #include <readline/readline.h>
          ^~~~~~~~~~~~~~~~~~~~~
compilation terminated.
configure:13160: $? = 1
configure: failed program was:
| /* confdefs.h */
| #define PACKAGE_NAME "sqlite"
| #define PACKAGE_TARNAME "sqlite"
| #define PACKAGE_VERSION "3.23.1"
| #define PACKAGE_STRING "sqlite 3.23.1"
| #define PACKAGE_BUGREPORT "http://www.sqlite.org"
| #define PACKAGE_URL ""
| #define PACKAGE "sqlite"
| #define VERSION "3.23.1"
| #define STDC_HEADERS 1
| #define HAVE_SYS_TYPES_H 1
| #define HAVE_SYS_STAT_H 1
| #define HAVE_STDLIB_H 1
| #define HAVE_STRING_H 1
| #define HAVE_MEMORY_H 1
| #define HAVE_STRINGS_H 1
| #define HAVE_INTTYPES_H 1
| #define HAVE_STDINT_H 1
| #define HAVE_UNISTD_H 1
| #define HAVE_DLFCN_H 1
| #define LT_OBJDIR ".libs/"
| #define HAVE_FDATASYNC 1
| #define HAVE_USLEEP 1
| #define HAVE_LOCALTIME_R 1
| #define HAVE_GMTIME_R 1
| #define HAVE_DECL_STRERROR_R 1
| #define HAVE_STRERROR_R 1
| /* end confdefs.h.  */
| #include <readline/readline.h>
configure:13160: result: no
configure:13160: checking for readline/readline.h
configure:13160: result: no
configure:13310: checking for library containing pthread_create
configure:13341: /home/user/-f2fs/oe/build.OE-Generic.x86_64-9.0-devel/toolchain/bin/host-gcc -o conftest -march=westmere -mtune=haswell -O2 -pipe -I/home/user/-f2fs/oe/build.OE-Generic.x86_64-9.0-devel/toolchain/include -Wno-format-security -DSQLITE_ENABLE_STAT3 -DSQLITE_ENABLE_COLUMN_METADATA=1 -DSQLITE_TEMP_STORE=3 -DSQLITE_DEFAULT_MMAP_SIZE=268435456  -Wl,-rpath,/home/user/-f2fs/oe/build.OE-Generic.x86_64-9.0-devel/toolchain/lib -L/home/user/-f2fs/oe/build.OE-Generic.x86_64-9.0-devel/toolchain/lib -s conftest.c  >&5
/tmp/ccvTz7qM.o: In function `main':
conftest.c:(.text.startup+0x7): undefined reference to `pthread_create'
collect2: error: ld returned 1 exit status
configure:13341: $? = 1
configure: failed program was:
| /* confdefs.h */
| #define PACKAGE_NAME "sqlite"
| #define PACKAGE_TARNAME "sqlite"
| #define PACKAGE_VERSION "3.23.1"
| #define PACKAGE_STRING "sqlite 3.23.1"
| #define PACKAGE_BUGREPORT "http://www.sqlite.org"
| #define PACKAGE_URL ""
| #define PACKAGE "sqlite"
| #define VERSION "3.23.1"
| #define STDC_HEADERS 1
| #define HAVE_SYS_TYPES_H 1
| #define HAVE_SYS_STAT_H 1
| #define HAVE_STDLIB_H 1
| #define HAVE_STRING_H 1
| #define HAVE_MEMORY_H 1
| #define HAVE_STRINGS_H 1
| #define HAVE_INTTYPES_H 1
| #define HAVE_STDINT_H 1
| #define HAVE_UNISTD_H 1
| #define HAVE_DLFCN_H 1
| #define LT_OBJDIR ".libs/"
| #define HAVE_FDATASYNC 1
| #define HAVE_USLEEP 1
| #define HAVE_LOCALTIME_R 1
| #define HAVE_GMTIME_R 1
| #define HAVE_DECL_STRERROR_R 1
| #define HAVE_STRERROR_R 1
| /* end confdefs.h.  */
| 
| /* Override any GCC internal prototype to avoid an error.
|    Use char because int might match the return type of a GCC
|    builtin and then its argument prototype would still apply.  */
| #ifdef __cplusplus
| extern "C"
| #endif
| char pthread_create ();
| int
| main ()
| {
| return pthread_create ();
|   ;
|   return 0;
| }
configure:13341: /home/user/-f2fs/oe/build.OE-Generic.x86_64-9.0-devel/toolchain/bin/host-gcc -o conftest -march=westmere -mtune=haswell -O2 -pipe -I/home/user/-f2fs/oe/build.OE-Generic.x86_64-9.0-devel/toolchain/include -Wno-format-security -DSQLITE_ENABLE_STAT3 -DSQLITE_ENABLE_COLUMN_METADATA=1 -DSQLITE_TEMP_STORE=3 -DSQLITE_DEFAULT_MMAP_SIZE=268435456  -Wl,-rpath,/home/user/-f2fs/oe/build.OE-Generic.x86_64-9.0-devel/toolchain/lib -L/home/user/-f2fs/oe/build.OE-Generic.x86_64-9.0-devel/toolchain/lib -s conftest.c -lpthread   >&5
configure:13341: $? = 0
configure:13358: result: -lpthread
configure:13366: checking for library containing pthread_mutexattr_init
configure:13397: /home/user/-f2fs/oe/build.OE-Generic.x86_64-9.0-devel/toolchain/bin/host-gcc -o conftest -march=westmere -mtune=haswell -O2 -pipe -I/home/user/-f2fs/oe/build.OE-Generic.x86_64-9.0-devel/toolchain/include -Wno-format-security -DSQLITE_ENABLE_STAT3 -DSQLITE_ENABLE_COLUMN_METADATA=1 -DSQLITE_TEMP_STORE=3 -DSQLITE_DEFAULT_MMAP_SIZE=268435456  -Wl,-rpath,/home/user/-f2fs/oe/build.OE-Generic.x86_64-9.0-devel/toolchain/lib -L/home/user/-f2fs/oe/build.OE-Generic.x86_64-9.0-devel/toolchain/lib -s conftest.c -lpthread  >&5
configure:13397: $? = 0
configure:13414: result: none required
configure:13437: checking for library containing dlopen
configure:13468: /home/user/-f2fs/oe/build.OE-Generic.x86_64-9.0-devel/toolchain/bin/host-gcc -o conftest -march=westmere -mtune=haswell -O2 -pipe -I/home/user/-f2fs/oe/build.OE-Generic.x86_64-9.0-devel/toolchain/include -Wno-format-security -DSQLITE_ENABLE_STAT3 -DSQLITE_ENABLE_COLUMN_METADATA=1 -DSQLITE_TEMP_STORE=3 -DSQLITE_DEFAULT_MMAP_SIZE=268435456  -Wl,-rpath,/home/user/-f2fs/oe/build.OE-Generic.x86_64-9.0-devel/toolchain/lib -L/home/user/-f2fs/oe/build.OE-Generic.x86_64-9.0-devel/toolchain/lib -s conftest.c -lpthread  >&5
/tmp/ccddkAkT.o: In function `main':
conftest.c:(.text.startup+0x7): undefined reference to `dlopen'
collect2: error: ld returned 1 exit status
configure:13468: $? = 1
configure: failed program was:
| /* confdefs.h */
| #define PACKAGE_NAME "sqlite"
| #define PACKAGE_TARNAME "sqlite"
| #define PACKAGE_VERSION "3.23.1"
| #define PACKAGE_STRING "sqlite 3.23.1"
| #define PACKAGE_BUGREPORT "http://www.sqlite.org"
| #define PACKAGE_URL ""
| #define PACKAGE "sqlite"
| #define VERSION "3.23.1"
| #define STDC_HEADERS 1
| #define HAVE_SYS_TYPES_H 1
| #define HAVE_SYS_STAT_H 1
| #define HAVE_STDLIB_H 1
| #define HAVE_STRING_H 1
| #define HAVE_MEMORY_H 1
| #define HAVE_STRINGS_H 1
| #define HAVE_INTTYPES_H 1
| #define HAVE_STDINT_H 1
| #define HAVE_UNISTD_H 1
| #define HAVE_DLFCN_H 1
| #define LT_OBJDIR ".libs/"
| #define HAVE_FDATASYNC 1
| #define HAVE_USLEEP 1
| #define HAVE_LOCALTIME_R 1
| #define HAVE_GMTIME_R 1
| #define HAVE_DECL_STRERROR_R 1
| #define HAVE_STRERROR_R 1
| /* end confdefs.h.  */
| 
| /* Override any GCC internal prototype to avoid an error.
|    Use char because int might match the return type of a GCC
|    builtin and then its argument prototype would still apply.  */
| #ifdef __cplusplus
| extern "C"
| #endif
| char dlopen ();
| int
| main ()
| {
| return dlopen ();
|   ;
|   return 0;
| }
configure:13468: /home/user/-f2fs/oe/build.OE-Generic.x86_64-9.0-devel/toolchain/bin/host-gcc -o conftest -march=westmere -mtune=haswell -O2 -pipe -I/home/user/-f2fs/oe/build.OE-Generic.x86_64-9.0-devel/toolchain/include -Wno-format-security -DSQLITE_ENABLE_STAT3 -DSQLITE_ENABLE_COLUMN_METADATA=1 -DSQLITE_TEMP_STORE=3 -DSQLITE_DEFAULT_MMAP_SIZE=268435456  -Wl,-rpath,/home/user/-f2fs/oe/build.OE-Generic.x86_64-9.0-devel/toolchain/lib -L/home/user/-f2fs/oe/build.OE-Generic.x86_64-9.0-devel/toolchain/lib -s conftest.c -ldl  -lpthread  >&5
configure:13468: $? = 0
configure:13485: result: -ldl
configure:13496: checking for whether to support dynamic extensions
configure:13498: result: yes
configure:13627: checking for posix_fallocate
configure:13627: /home/user/-f2fs/oe/build.OE-Generic.x86_64-9.0-devel/toolchain/bin/host-gcc -o conftest -march=westmere -mtune=haswell -O2 -pipe -I/home/user/-f2fs/oe/build.OE-Generic.x86_64-9.0-devel/toolchain/include -Wno-format-security -DSQLITE_ENABLE_STAT3 -DSQLITE_ENABLE_COLUMN_METADATA=1 -DSQLITE_TEMP_STORE=3 -DSQLITE_DEFAULT_MMAP_SIZE=268435456  -Wl,-rpath,/home/user/-f2fs/oe/build.OE-Generic.x86_64-9.0-devel/toolchain/lib -L/home/user/-f2fs/oe/build.OE-Generic.x86_64-9.0-devel/toolchain/lib -s conftest.c -ldl -lpthread  >&5
configure:13627: $? = 0
configure:13627: result: yes
configure:13638: checking zlib.h usability
configure:13638: /home/user/-f2fs/oe/build.OE-Generic.x86_64-9.0-devel/toolchain/bin/host-gcc -c -march=westmere -mtune=haswell -O2 -pipe -I/home/user/-f2fs/oe/build.OE-Generic.x86_64-9.0-devel/toolchain/include -Wno-format-security -DSQLITE_ENABLE_STAT3 -DSQLITE_ENABLE_COLUMN_METADATA=1 -DSQLITE_TEMP_STORE=3 -DSQLITE_DEFAULT_MMAP_SIZE=268435456  conftest.c >&5
configure:13638: $? = 0
configure:13638: result: yes
configure:13638: checking zlib.h presence
configure:13638: cpp  conftest.c
configure:13638: $? = 0
configure:13638: result: yes
configure:13638: checking for zlib.h
configure:13638: result: yes
configure:13644: checking for library containing deflate
configure:13675: /home/user/-f2fs/oe/build.OE-Generic.x86_64-9.0-devel/toolchain/bin/host-gcc -o conftest -march=westmere -mtune=haswell -O2 -pipe -I/home/user/-f2fs/oe/build.OE-Generic.x86_64-9.0-devel/toolchain/include -Wno-format-security -DSQLITE_ENABLE_STAT3 -DSQLITE_ENABLE_COLUMN_METADATA=1 -DSQLITE_TEMP_STORE=3 -DSQLITE_DEFAULT_MMAP_SIZE=268435456  -Wl,-rpath,/home/user/-f2fs/oe/build.OE-Generic.x86_64-9.0-devel/toolchain/lib -L/home/user/-f2fs/oe/build.OE-Generic.x86_64-9.0-devel/toolchain/lib -s conftest.c -ldl -lpthread  >&5
/tmp/ccFoN94Z.o: In function `main':
conftest.c:(.text.startup+0x7): undefined reference to `deflate'
collect2: error: ld returned 1 exit status
configure:13675: $? = 1
configure: failed program was:
| /* confdefs.h */
| #define PACKAGE_NAME "sqlite"
| #define PACKAGE_TARNAME "sqlite"
| #define PACKAGE_VERSION "3.23.1"
| #define PACKAGE_STRING "sqlite 3.23.1"
| #define PACKAGE_BUGREPORT "http://www.sqlite.org"
| #define PACKAGE_URL ""
| #define PACKAGE "sqlite"
| #define VERSION "3.23.1"
| #define STDC_HEADERS 1
| #define HAVE_SYS_TYPES_H 1
| #define HAVE_SYS_STAT_H 1
| #define HAVE_STDLIB_H 1
| #define HAVE_STRING_H 1
| #define HAVE_MEMORY_H 1
| #define HAVE_STRINGS_H 1
| #define HAVE_INTTYPES_H 1
| #define HAVE_STDINT_H 1
| #define HAVE_UNISTD_H 1
| #define HAVE_DLFCN_H 1
| #define LT_OBJDIR ".libs/"
| #define HAVE_FDATASYNC 1
| #define HAVE_USLEEP 1
| #define HAVE_LOCALTIME_R 1
| #define HAVE_GMTIME_R 1
| #define HAVE_DECL_STRERROR_R 1
| #define HAVE_STRERROR_R 1
| #define HAVE_POSIX_FALLOCATE 1
| #define HAVE_ZLIB_H 1
| /* end confdefs.h.  */
| 
| /* Override any GCC internal prototype to avoid an error.
|    Use char because int might match the return type of a GCC
|    builtin and then its argument prototype would still apply.  */
| #ifdef __cplusplus
| extern "C"
| #endif
| char deflate ();
| int
| main ()
| {
| return deflate ();
|   ;
|   return 0;
| }
configure:13675: /home/user/-f2fs/oe/build.OE-Generic.x86_64-9.0-devel/toolchain/bin/host-gcc -o conftest -march=westmere -mtune=haswell -O2 -pipe -I/home/user/-f2fs/oe/build.OE-Generic.x86_64-9.0-devel/toolchain/include -Wno-format-security -DSQLITE_ENABLE_STAT3 -DSQLITE_ENABLE_COLUMN_METADATA=1 -DSQLITE_TEMP_STORE=3 -DSQLITE_DEFAULT_MMAP_SIZE=268435456  -Wl,-rpath,/home/user/-f2fs/oe/build.OE-Generic.x86_64-9.0-devel/toolchain/lib -L/home/user/-f2fs/oe/build.OE-Generic.x86_64-9.0-devel/toolchain/lib -s conftest.c -lz  -ldl -lpthread  >&5
configure:13675: $? = 0
configure:13692: result: -lz
configure:13707: checking for library containing system
configure:13738: /home/user/-f2fs/oe/build.OE-Generic.x86_64-9.0-devel/toolchain/bin/host-gcc -o conftest -march=westmere -mtune=haswell -O2 -pipe -I/home/user/-f2fs/oe/build.OE-Generic.x86_64-9.0-devel/toolchain/include -Wno-format-security -DSQLITE_ENABLE_STAT3 -DSQLITE_ENABLE_COLUMN_METADATA=1 -DSQLITE_TEMP_STORE=3 -DSQLITE_DEFAULT_MMAP_SIZE=268435456  -Wl,-rpath,/home/user/-f2fs/oe/build.OE-Generic.x86_64-9.0-devel/toolchain/lib -L/home/user/-f2fs/oe/build.OE-Generic.x86_64-9.0-devel/toolchain/lib -s conftest.c -lz -ldl -lpthread  >&5
configure:13738: $? = 0
configure:13755: result: none required
configure:13937: checking that generated files are newer than configure
configure:13943: result: done
configure:13970: creating ./config.status

## ---------------------- ##
## Running config.status. ##
## ---------------------- ##

This file was extended by sqlite config.status 3.23.1, which was
generated by GNU Autoconf 2.69.  Invocation command line was

  CONFIG_FILES    = 
  CONFIG_HEADERS  = 
  CONFIG_LINKS    = 
  CONFIG_COMMANDS = 
  $ ./config.status 

on vmware

config.status:1020: creating Makefile
config.status:1020: creating sqlite3.pc
config.status:1177: executing depfiles commands
config.status:1177: executing libtool commands

## ---------------- ##
## Cache variables. ##
## ---------------- ##

ac_cv_build=x86_64-pc-linux-gnu
ac_cv_c_compiler_gnu=yes
ac_cv_env_CC_set=set
ac_cv_env_CC_value=/home/user/-f2fs/oe/build.OE-Generic.x86_64-9.0-devel/toolchain/bin/host-gcc
ac_cv_env_CFLAGS_set=set
ac_cv_env_CFLAGS_value='-march=westmere -mtune=haswell -O2 -pipe -I/home/user/-f2fs/oe/build.OE-Generic.x86_64-9.0-devel/toolchain/include -Wno-format-security -DSQLITE_ENABLE_STAT3 -DSQLITE_ENABLE_COLUMN_METADATA=1 -DSQLITE_TEMP_STORE=3 -DSQLITE_DEFAULT_MMAP_SIZE=268435456'
ac_cv_env_CPPFLAGS_set=set
ac_cv_env_CPPFLAGS_value=
ac_cv_env_CPP_set=set
ac_cv_env_CPP_value=cpp
ac_cv_env_LDFLAGS_set=set
ac_cv_env_LDFLAGS_value='-Wl,-rpath,/home/user/-f2fs/oe/build.OE-Generic.x86_64-9.0-devel/toolchain/lib -L/home/user/-f2fs/oe/build.OE-Generic.x86_64-9.0-devel/toolchain/lib -s'
ac_cv_env_LIBS_set=
ac_cv_env_LIBS_value=
ac_cv_env_LT_SYS_LIBRARY_PATH_set=
ac_cv_env_LT_SYS_LIBRARY_PATH_value=
ac_cv_env_build_alias_set=set
ac_cv_env_build_alias_value=x86_64-linux-gnu
ac_cv_env_host_alias_set=set
ac_cv_env_host_alias_value=x86_64-linux-gnu
ac_cv_env_target_alias_set=
ac_cv_env_target_alias_value=
ac_cv_func_fdatasync=yes
ac_cv_func_fullfsync=no
ac_cv_func_gmtime_r=yes
ac_cv_func_localtime_r=yes
ac_cv_func_posix_fallocate=yes
ac_cv_func_strerror_r=yes
ac_cv_func_strerror_r_char_p=no
ac_cv_func_usleep=yes
ac_cv_have_decl_strerror_r=yes
ac_cv_header_dlfcn_h=yes
ac_cv_header_editline_readline_h=no
ac_cv_header_inttypes_h=yes
ac_cv_header_memory_h=yes
ac_cv_header_readline_readline_h=no
ac_cv_header_stdc=yes
ac_cv_header_stdint_h=yes
ac_cv_header_stdlib_h=yes
ac_cv_header_string_h=yes
ac_cv_header_strings_h=yes
ac_cv_header_sys_stat_h=yes
ac_cv_header_sys_types_h=yes
ac_cv_header_unistd_h=yes
ac_cv_header_zlib_h=yes
ac_cv_host=x86_64-pc-linux-gnu
ac_cv_objext=o
ac_cv_path_EGREP='/bin/grep -E'
ac_cv_path_FGREP='/bin/grep -F'
ac_cv_path_GREP=/bin/grep
ac_cv_path_SED=/bin/sed
ac_cv_path_install='/usr/bin/install -c'
ac_cv_path_lt_DD=/bin/dd
ac_cv_path_mkdir=/bin/mkdir
ac_cv_prog_AR=ar
ac_cv_prog_AWK=gawk
ac_cv_prog_CC=/home/user/-f2fs/oe/build.OE-Generic.x86_64-9.0-devel/toolchain/bin/host-gcc
ac_cv_prog_CPP=cpp
ac_cv_prog_OBJDUMP=objdump
ac_cv_prog_RANLIB=ranlib
ac_cv_prog_STRIP=strip
ac_cv_prog_ac_ct_MANIFEST_TOOL=mt
ac_cv_prog_cc_c89=
ac_cv_prog_cc_g=yes
ac_cv_prog_make_make_set=yes
ac_cv_search_deflate=-lz
ac_cv_search_dlopen=-ldl
ac_cv_search_pthread_create=-lpthread
ac_cv_search_pthread_mutexattr_init='none required'
ac_cv_search_system='none required'
ac_cv_sys_file_offset_bits=no
ac_cv_sys_largefile_CC=no
am_cv_CC_dependencies_compiler_type=gcc3
am_cv_make_support_nested_variables=yes
am_cv_prog_cc_c_o=yes
lt_cv_ar_at_file=@
lt_cv_archive_cmds_need_lc=no
lt_cv_deplibs_check_method=pass_all
lt_cv_file_magic_cmd='$MAGIC_CMD'
lt_cv_file_magic_test_file=
lt_cv_ld_reload_flag=-r
lt_cv_nm_interface='BSD nm'
lt_cv_objdir=.libs
lt_cv_path_LD=ld
lt_cv_path_NM=nm
lt_cv_path_mainfest_tool=no
lt_cv_prog_compiler_c_o=yes
lt_cv_prog_compiler_pic='-fPIC -DPIC'
lt_cv_prog_compiler_pic_works=yes
lt_cv_prog_compiler_rtti_exceptions=no
lt_cv_prog_compiler_static_works=yes
lt_cv_prog_gnu_ld=yes
lt_cv_sharedlib_from_linklib_cmd='printf %s\n'
lt_cv_shlibpath_overrides_runpath=yes
lt_cv_sys_global_symbol_pipe='sed -n -e '\''s/^.*[	 ]\([ABCDGIRSTW][ABCDGIRSTW]*\)[	 ][	 ]*\([_A-Za-z][_A-Za-z0-9]*\)$/\1 \2 \2/p'\'' | sed '\''/ __gnu_lto/d'\'''
lt_cv_sys_global_symbol_to_c_name_address='sed -n -e '\''s/^: \(.*\) .*$/  {"\1", (void *) 0},/p'\'' -e '\''s/^[ABCDGIRSTW][ABCDGIRSTW]* .* \(.*\)$/  {"\1", (void *) \&\1},/p'\'''
lt_cv_sys_global_symbol_to_c_name_address_lib_prefix='sed -n -e '\''s/^: \(.*\) .*$/  {"\1", (void *) 0},/p'\'' -e '\''s/^[ABCDGIRSTW][ABCDGIRSTW]* .* \(lib.*\)$/  {"\1", (void *) \&\1},/p'\'' -e '\''s/^[ABCDGIRSTW][ABCDGIRSTW]* .* \(.*\)$/  {"lib\1", (void *) \&\1},/p'\'''
lt_cv_sys_global_symbol_to_cdecl='sed -n -e '\''s/^T .* \(.*\)$/extern int \1();/p'\'' -e '\''s/^[ABCDGIRSTW][ABCDGIRSTW]* .* \(.*\)$/extern char \1;/p'\'''
lt_cv_sys_global_symbol_to_import=
lt_cv_sys_max_cmd_len=1572864
lt_cv_to_host_file_cmd=func_convert_file_noop
lt_cv_to_tool_file_cmd=func_convert_file_noop
lt_cv_truncate_bin='/bin/dd bs=4096 count=1'

## ----------------- ##
## Output variables. ##
## ----------------- ##

ACLOCAL='${SHELL} /home/user/-f2fs/oe/build.OE-Generic.x86_64-9.0-devel/sqlite-autoconf-3230100/missing aclocal-1.15'
AMDEPBACKSLASH='\'
AMDEP_FALSE='#'
AMDEP_TRUE=''
AMTAR='$${TAR-tar}'
AM_BACKSLASH='\'
AM_DEFAULT_V='$(AM_DEFAULT_VERBOSITY)'
AM_DEFAULT_VERBOSITY='1'
AM_V='$(V)'
AR='ar'
AUTOCONF='${SHELL} /home/user/-f2fs/oe/build.OE-Generic.x86_64-9.0-devel/sqlite-autoconf-3230100/missing autoconf'
AUTOHEADER='${SHELL} /home/user/-f2fs/oe/build.OE-Generic.x86_64-9.0-devel/sqlite-autoconf-3230100/missing autoheader'
AUTOMAKE='${SHELL} /home/user/-f2fs/oe/build.OE-Generic.x86_64-9.0-devel/sqlite-autoconf-3230100/missing automake-1.15'
AWK='gawk'
BUILD_CFLAGS=''
CC='/home/user/-f2fs/oe/build.OE-Generic.x86_64-9.0-devel/toolchain/bin/host-gcc'
CCDEPMODE='depmode=gcc3'
CFLAGS='-march=westmere -mtune=haswell -O2 -pipe -I/home/user/-f2fs/oe/build.OE-Generic.x86_64-9.0-devel/toolchain/include -Wno-format-security -DSQLITE_ENABLE_STAT3 -DSQLITE_ENABLE_COLUMN_METADATA=1 -DSQLITE_TEMP_STORE=3 -DSQLITE_DEFAULT_MMAP_SIZE=268435456'
CPP='cpp'
CPPFLAGS=''
CYGPATH_W='echo'
DEFS='-DPACKAGE_NAME=\"sqlite\" -DPACKAGE_TARNAME=\"sqlite\" -DPACKAGE_VERSION=\"3.23.1\" -DPACKAGE_STRING=\"sqlite\ 3.23.1\" -DPACKAGE_BUGREPORT=\"http://www.sqlite.org\" -DPACKAGE_URL=\"\" -DPACKAGE=\"sqlite\" -DVERSION=\"3.23.1\" -DSTDC_HEADERS=1 -DHAVE_SYS_TYPES_H=1 -DHAVE_SYS_STAT_H=1 -DHAVE_STDLIB_H=1 -DHAVE_STRING_H=1 -DHAVE_MEMORY_H=1 -DHAVE_STRINGS_H=1 -DHAVE_INTTYPES_H=1 -DHAVE_STDINT_H=1 -DHAVE_UNISTD_H=1 -DHAVE_DLFCN_H=1 -DLT_OBJDIR=\".libs/\" -DHAVE_FDATASYNC=1 -DHAVE_USLEEP=1 -DHAVE_LOCALTIME_R=1 -DHAVE_GMTIME_R=1 -DHAVE_DECL_STRERROR_R=1 -DHAVE_STRERROR_R=1 -DHAVE_POSIX_FALLOCATE=1 -DHAVE_ZLIB_H=1'
DEPDIR='.deps'
DLLTOOL='false'
DSYMUTIL=''
DUMPBIN=''
DYNAMIC_EXTENSION_FLAGS=''
ECHO_C=''
ECHO_N='-n'
ECHO_T=''
EGREP='/bin/grep -E'
EXEEXT=''
EXTRA_SHELL_OBJ='sqlite3-sqlite3.o'
FGREP='/bin/grep -F'
FTS5_FLAGS=''
GREP='/bin/grep'
INSTALL_DATA='${INSTALL} -m 644'
INSTALL_PROGRAM='${INSTALL}'
INSTALL_SCRIPT='${INSTALL}'
INSTALL_STRIP_PROGRAM='$(install_sh) -c -s'
JSON1_FLAGS=''
LD='ld -m elf_x86_64'
LDFLAGS='-Wl,-rpath,/home/user/-f2fs/oe/build.OE-Generic.x86_64-9.0-devel/toolchain/lib -L/home/user/-f2fs/oe/build.OE-Generic.x86_64-9.0-devel/toolchain/lib -s'
LIBOBJS=''
LIBS='-lz -ldl -lpthread '
LIBTOOL='$(SHELL) $(top_builddir)/libtool'
LIPO=''
LN_S='ln -s'
LTLIBOBJS=''
LT_SYS_LIBRARY_PATH=''
MAKEINFO='${SHELL} /home/user/-f2fs/oe/build.OE-Generic.x86_64-9.0-devel/sqlite-autoconf-3230100/missing makeinfo'
MANIFEST_TOOL=':'
MKDIR_P='/bin/mkdir -p'
NM='nm'
NMEDIT=''
OBJDUMP='objdump'
OBJEXT='o'
OTOOL64=''
OTOOL=''
PACKAGE='sqlite'
PACKAGE_BUGREPORT='http://www.sqlite.org'
PACKAGE_NAME='sqlite'
PACKAGE_STRING='sqlite 3.23.1'
PACKAGE_TARNAME='sqlite'
PACKAGE_URL=''
PACKAGE_VERSION='3.23.1'
PATH_SEPARATOR=':'
RANLIB='ranlib'
READLINE_LIBS=''
SED='/bin/sed'
SESSION_FLAGS=''
SET_MAKE=''
SHELL='/bin/sh'
SHELL_CFLAGS=''
STRIP='strip'
THREADSAFE_FLAGS='-D_REENTRANT=1 -DSQLITE_THREADSAFE=1'
VERSION='3.23.1'
ZLIB_FLAGS='-DSQLITE_HAVE_ZLIB'
ac_ct_AR=''
ac_ct_CC=''
ac_ct_DUMPBIN=''
am__EXEEXT_FALSE=''
am__EXEEXT_TRUE='#'
am__fastdepCC_FALSE='#'
am__fastdepCC_TRUE=''
am__include='include'
am__isrc=' -I$(srcdir)'
am__leading_dot='.'
am__nodep='_no'
am__quote=''
am__tar='$${TAR-tar} chof - "$$tardir"'
am__untar='$${TAR-tar} xf -'
bindir='/home/user/-f2fs/oe/build.OE-Generic.x86_64-9.0-devel/toolchain/bin'
build='x86_64-pc-linux-gnu'
build_alias='x86_64-linux-gnu'
build_cpu='x86_64'
build_os='linux-gnu'
build_vendor='pc'
datadir='${datarootdir}'
datarootdir='${prefix}/share'
docdir='${datarootdir}/doc/${PACKAGE_TARNAME}'
dvidir='${docdir}'
exec_prefix='${prefix}'
host='x86_64-pc-linux-gnu'
host_alias='x86_64-linux-gnu'
host_cpu='x86_64'
host_os='linux-gnu'
host_vendor='pc'
htmldir='${docdir}'
includedir='${prefix}/include'
infodir='${datarootdir}/info'
install_sh='${SHELL} /home/user/-f2fs/oe/build.OE-Generic.x86_64-9.0-devel/sqlite-autoconf-3230100/install-sh'
libdir='${exec_prefix}/lib'
libexecdir='/home/user/-f2fs/oe/build.OE-Generic.x86_64-9.0-devel/toolchain/lib'
localedir='${datarootdir}/locale'
localstatedir='/home/user/-f2fs/oe/build.OE-Generic.x86_64-9.0-devel/toolchain/var'
mandir='${datarootdir}/man'
mkdir_p='$(MKDIR_P)'
oldincludedir='/usr/include'
pdfdir='${docdir}'
prefix='/home/user/-f2fs/oe/build.OE-Generic.x86_64-9.0-devel/toolchain'
program_transform_name='s,x,x,'
psdir='${docdir}'
sbindir='/home/user/-f2fs/oe/build.OE-Generic.x86_64-9.0-devel/toolchain/sbin'
sharedstatedir='${prefix}/com'
sysconfdir='/home/user/-f2fs/oe/build.OE-Generic.x86_64-9.0-devel/toolchain/etc'
target_alias=''

## ----------- ##
## confdefs.h. ##
## ----------- ##

/* confdefs.h */
#define PACKAGE_NAME "sqlite"
#define PACKAGE_TARNAME "sqlite"
#define PACKAGE_VERSION "3.23.1"
#define PACKAGE_STRING "sqlite 3.23.1"
#define PACKAGE_BUGREPORT "http://www.sqlite.org"
#define PACKAGE_URL ""
#define PACKAGE "sqlite"
#define VERSION "3.23.1"
#define STDC_HEADERS 1
#define HAVE_SYS_TYPES_H 1
#define HAVE_SYS_STAT_H 1
#define HAVE_STDLIB_H 1
#define HAVE_STRING_H 1
#define HAVE_MEMORY_H 1
#define HAVE_STRINGS_H 1
#define HAVE_INTTYPES_H 1
#define HAVE_STDINT_H 1
#define HAVE_UNISTD_H 1
#define HAVE_DLFCN_H 1
#define LT_OBJDIR ".libs/"
#define HAVE_FDATASYNC 1
#define HAVE_USLEEP 1
#define HAVE_LOCALTIME_R 1
#define HAVE_GMTIME_R 1
#define HAVE_DECL_STRERROR_R 1
#define HAVE_STRERROR_R 1
#define HAVE_POSIX_FALLOCATE 1
#define HAVE_ZLIB_H 1

configure: exit 0
